{"/Users/ryanflatley/Documents/GitHub/lab-02-rflatley441/homework2-problemset-rflatley441/SE4/frontend/src/modules/game.js": {"path":"/Users/ryanflatley/Documents/GitHub/lab-02-rflatley441/homework2-problemset-rflatley441/SE4/frontend/src/modules/game.js","statementMap":{"0":{"start":{"line":3,"column":14},"end":{"line":32,"column":1}},"1":{"start":{"line":33,"column":12},"end":{"line":35,"column":1}},"2":{"start":{"line":34,"column":4},"end":{"line":34,"column":17}},"3":{"start":{"line":37,"column":16},"end":{"line":53,"column":1}},"4":{"start":{"line":39,"column":8},"end":{"line":44,"column":10}},"5":{"start":{"line":46,"column":24},"end":{"line":46,"column":37}},"6":{"start":{"line":47,"column":27},"end":{"line":47,"column":67}},"7":{"start":{"line":47,"column":35},"end":{"line":47,"column":67}},"8":{"start":{"line":48,"column":28},"end":{"line":48,"column":69}},"9":{"start":{"line":48,"column":36},"end":{"line":48,"column":69}},"10":{"start":{"line":49,"column":21},"end":{"line":49,"column":31}},"11":{"start":{"line":50,"column":21},"end":{"line":50,"column":31}},"12":{"start":{"line":51,"column":25},"end":{"line":51,"column":39}},"13":{"start":{"line":52,"column":23},"end":{"line":52,"column":35}},"14":{"start":{"line":55,"column":16},"end":{"line":142,"column":1}},"15":{"start":{"line":57,"column":8},"end":{"line":62,"column":9}},"16":{"start":{"line":58,"column":29},"end":{"line":58,"column":74}},"17":{"start":{"line":59,"column":12},"end":{"line":59,"column":45}},"18":{"start":{"line":61,"column":12},"end":{"line":61,"column":46}},"19":{"start":{"line":66,"column":8},"end":{"line":79,"column":9}},"20":{"start":{"line":67,"column":29},"end":{"line":67,"column":80}},"21":{"start":{"line":68,"column":12},"end":{"line":75,"column":14}},"22":{"start":{"line":69,"column":16},"end":{"line":74,"column":17}},"23":{"start":{"line":70,"column":20},"end":{"line":73,"column":23}},"24":{"start":{"line":76,"column":12},"end":{"line":76,"column":70}},"25":{"start":{"line":78,"column":12},"end":{"line":78,"column":46}},"26":{"start":{"line":83,"column":8},"end":{"line":99,"column":9}},"27":{"start":{"line":84,"column":29},"end":{"line":87,"column":14}},"28":{"start":{"line":88,"column":12},"end":{"line":95,"column":14}},"29":{"start":{"line":89,"column":16},"end":{"line":94,"column":17}},"30":{"start":{"line":90,"column":20},"end":{"line":93,"column":23}},"31":{"start":{"line":96,"column":12},"end":{"line":96,"column":49}},"32":{"start":{"line":98,"column":12},"end":{"line":98,"column":46}},"33":{"start":{"line":103,"column":8},"end":{"line":111,"column":9}},"34":{"start":{"line":104,"column":29},"end":{"line":107,"column":14}},"35":{"start":{"line":108,"column":12},"end":{"line":108,"column":49}},"36":{"start":{"line":110,"column":12},"end":{"line":110,"column":46}},"37":{"start":{"line":115,"column":8},"end":{"line":115,"column":44}},"38":{"start":{"line":119,"column":8},"end":{"line":119,"column":33}},"39":{"start":{"line":120,"column":8},"end":{"line":120,"column":34}},"40":{"start":{"line":124,"column":21},"end":{"line":124,"column":46}},"41":{"start":{"line":125,"column":8},"end":{"line":125,"column":34}},"42":{"start":{"line":128,"column":8},"end":{"line":128,"column":30}},"43":{"start":{"line":130,"column":8},"end":{"line":134,"column":11}},"44":{"start":{"line":131,"column":12},"end":{"line":131,"column":37}},"45":{"start":{"line":132,"column":12},"end":{"line":132,"column":37}},"46":{"start":{"line":133,"column":12},"end":{"line":133,"column":36}},"47":{"start":{"line":135,"column":8},"end":{"line":135,"column":37}},"48":{"start":{"line":139,"column":8},"end":{"line":139,"column":35}},"49":{"start":{"line":144,"column":18},"end":{"line":182,"column":1}},"50":{"start":{"line":146,"column":8},"end":{"line":146,"column":31}},"51":{"start":{"line":147,"column":8},"end":{"line":147,"column":24}},"52":{"start":{"line":148,"column":8},"end":{"line":148,"column":26}},"53":{"start":{"line":149,"column":8},"end":{"line":149,"column":35}},"54":{"start":{"line":150,"column":8},"end":{"line":150,"column":35}},"55":{"start":{"line":151,"column":8},"end":{"line":151,"column":49}},"56":{"start":{"line":153,"column":37},"end":{"line":153,"column":55}},"57":{"start":{"line":154,"column":33},"end":{"line":154,"column":52}},"58":{"start":{"line":156,"column":8},"end":{"line":156,"column":30}},"59":{"start":{"line":157,"column":8},"end":{"line":157,"column":30}},"60":{"start":{"line":159,"column":32},"end":{"line":159,"column":45}},"61":{"start":{"line":161,"column":8},"end":{"line":161,"column":37}},"62":{"start":{"line":162,"column":8},"end":{"line":162,"column":46}},"63":{"start":{"line":165,"column":21},"end":{"line":165,"column":37}},"64":{"start":{"line":166,"column":8},"end":{"line":166,"column":39}},"65":{"start":{"line":167,"column":8},"end":{"line":173,"column":11}},"66":{"start":{"line":168,"column":12},"end":{"line":172,"column":14}},"67":{"start":{"line":174,"column":8},"end":{"line":174,"column":42}},"68":{"start":{"line":177,"column":8},"end":{"line":177,"column":56}},"69":{"start":{"line":178,"column":8},"end":{"line":178,"column":56}},"70":{"start":{"line":180,"column":43},"end":{"line":180,"column":72}},"71":{"start":{"line":181,"column":53},"end":{"line":181,"column":90}},"72":{"start":{"line":184,"column":13},"end":{"line":190,"column":1}}},"fnMap":{"0":{"name":"(anonymous_0)","decl":{"start":{"line":33,"column":12},"end":{"line":33,"column":13}},"loc":{"start":{"line":33,"column":22},"end":{"line":35,"column":1}},"line":33},"1":{"name":"(anonymous_1)","decl":{"start":{"line":38,"column":15},"end":{"line":38,"column":16}},"loc":{"start":{"line":38,"column":26},"end":{"line":45,"column":5}},"line":38},"2":{"name":"(anonymous_2)","decl":{"start":{"line":46,"column":13},"end":{"line":46,"column":14}},"loc":{"start":{"line":46,"column":24},"end":{"line":46,"column":37}},"line":46},"3":{"name":"(anonymous_3)","decl":{"start":{"line":47,"column":16},"end":{"line":47,"column":17}},"loc":{"start":{"line":47,"column":27},"end":{"line":47,"column":67}},"line":47},"4":{"name":"(anonymous_4)","decl":{"start":{"line":47,"column":27},"end":{"line":47,"column":28}},"loc":{"start":{"line":47,"column":35},"end":{"line":47,"column":67}},"line":47},"5":{"name":"(anonymous_5)","decl":{"start":{"line":48,"column":17},"end":{"line":48,"column":18}},"loc":{"start":{"line":48,"column":28},"end":{"line":48,"column":69}},"line":48},"6":{"name":"(anonymous_6)","decl":{"start":{"line":48,"column":28},"end":{"line":48,"column":29}},"loc":{"start":{"line":48,"column":36},"end":{"line":48,"column":69}},"line":48},"7":{"name":"(anonymous_7)","decl":{"start":{"line":49,"column":10},"end":{"line":49,"column":11}},"loc":{"start":{"line":49,"column":21},"end":{"line":49,"column":31}},"line":49},"8":{"name":"(anonymous_8)","decl":{"start":{"line":50,"column":10},"end":{"line":50,"column":11}},"loc":{"start":{"line":50,"column":21},"end":{"line":50,"column":31}},"line":50},"9":{"name":"(anonymous_9)","decl":{"start":{"line":51,"column":14},"end":{"line":51,"column":15}},"loc":{"start":{"line":51,"column":25},"end":{"line":51,"column":39}},"line":51},"10":{"name":"(anonymous_10)","decl":{"start":{"line":52,"column":12},"end":{"line":52,"column":13}},"loc":{"start":{"line":52,"column":23},"end":{"line":52,"column":35}},"line":52},"11":{"name":"(anonymous_11)","decl":{"start":{"line":56,"column":4},"end":{"line":56,"column":5}},"loc":{"start":{"line":56,"column":30},"end":{"line":63,"column":5}},"line":56},"12":{"name":"(anonymous_12)","decl":{"start":{"line":65,"column":4},"end":{"line":65,"column":5}},"loc":{"start":{"line":65,"column":40},"end":{"line":80,"column":5}},"line":65},"13":{"name":"(anonymous_13)","decl":{"start":{"line":68,"column":34},"end":{"line":68,"column":35}},"loc":{"start":{"line":68,"column":42},"end":{"line":75,"column":13}},"line":68},"14":{"name":"(anonymous_14)","decl":{"start":{"line":82,"column":4},"end":{"line":82,"column":5}},"loc":{"start":{"line":82,"column":46},"end":{"line":100,"column":5}},"line":82},"15":{"name":"(anonymous_15)","decl":{"start":{"line":88,"column":34},"end":{"line":88,"column":35}},"loc":{"start":{"line":88,"column":42},"end":{"line":95,"column":13}},"line":88},"16":{"name":"(anonymous_16)","decl":{"start":{"line":102,"column":4},"end":{"line":102,"column":5}},"loc":{"start":{"line":102,"column":45},"end":{"line":112,"column":5}},"line":102},"17":{"name":"(anonymous_17)","decl":{"start":{"line":114,"column":4},"end":{"line":114,"column":5}},"loc":{"start":{"line":114,"column":40},"end":{"line":116,"column":5}},"line":114},"18":{"name":"(anonymous_18)","decl":{"start":{"line":118,"column":4},"end":{"line":118,"column":5}},"loc":{"start":{"line":118,"column":37},"end":{"line":121,"column":5}},"line":118},"19":{"name":"(anonymous_19)","decl":{"start":{"line":123,"column":4},"end":{"line":123,"column":5}},"loc":{"start":{"line":123,"column":26},"end":{"line":126,"column":5}},"line":123},"20":{"name":"(anonymous_20)","decl":{"start":{"line":127,"column":4},"end":{"line":127,"column":5}},"loc":{"start":{"line":127,"column":34},"end":{"line":136,"column":5}},"line":127},"21":{"name":"(anonymous_21)","decl":{"start":{"line":130,"column":35},"end":{"line":130,"column":36}},"loc":{"start":{"line":130,"column":40},"end":{"line":134,"column":9}},"line":130},"22":{"name":"(anonymous_22)","decl":{"start":{"line":138,"column":4},"end":{"line":138,"column":5}},"loc":{"start":{"line":138,"column":34},"end":{"line":140,"column":5}},"line":138},"23":{"name":"(anonymous_23)","decl":{"start":{"line":145,"column":17},"end":{"line":145,"column":18}},"loc":{"start":{"line":145,"column":28},"end":{"line":152,"column":5}},"line":145},"24":{"name":"(anonymous_24)","decl":{"start":{"line":153,"column":18},"end":{"line":153,"column":19}},"loc":{"start":{"line":153,"column":37},"end":{"line":153,"column":55}},"line":153},"25":{"name":"(anonymous_25)","decl":{"start":{"line":154,"column":13},"end":{"line":154,"column":14}},"loc":{"start":{"line":154,"column":33},"end":{"line":154,"column":52}},"line":154},"26":{"name":"(anonymous_26)","decl":{"start":{"line":155,"column":14},"end":{"line":155,"column":15}},"loc":{"start":{"line":155,"column":33},"end":{"line":158,"column":5}},"line":155},"27":{"name":"(anonymous_27)","decl":{"start":{"line":159,"column":20},"end":{"line":159,"column":21}},"loc":{"start":{"line":159,"column":32},"end":{"line":159,"column":45}},"line":159},"28":{"name":"(anonymous_28)","decl":{"start":{"line":160,"column":13},"end":{"line":160,"column":14}},"loc":{"start":{"line":160,"column":30},"end":{"line":163,"column":5}},"line":160},"29":{"name":"(anonymous_29)","decl":{"start":{"line":164,"column":13},"end":{"line":164,"column":14}},"loc":{"start":{"line":164,"column":33},"end":{"line":175,"column":5}},"line":164},"30":{"name":"(anonymous_30)","decl":{"start":{"line":167,"column":29},"end":{"line":167,"column":30}},"loc":{"start":{"line":167,"column":39},"end":{"line":173,"column":9}},"line":167},"31":{"name":"(anonymous_31)","decl":{"start":{"line":176,"column":4},"end":{"line":176,"column":5}},"loc":{"start":{"line":176,"column":53},"end":{"line":179,"column":5}},"line":176},"32":{"name":"(anonymous_32)","decl":{"start":{"line":180,"column":23},"end":{"line":180,"column":24}},"loc":{"start":{"line":180,"column":43},"end":{"line":180,"column":72}},"line":180},"33":{"name":"(anonymous_33)","decl":{"start":{"line":181,"column":23},"end":{"line":181,"column":24}},"loc":{"start":{"line":181,"column":53},"end":{"line":181,"column":90}},"line":181}},"branchMap":{"0":{"loc":{"start":{"line":69,"column":16},"end":{"line":74,"column":17}},"type":"if","locations":[{"start":{"line":69,"column":16},"end":{"line":74,"column":17}},{"start":{},"end":{}}],"line":69},"1":{"loc":{"start":{"line":69,"column":20},"end":{"line":69,"column":44}},"type":"binary-expr","locations":[{"start":{"line":69,"column":20},"end":{"line":69,"column":29}},{"start":{"line":69,"column":33},"end":{"line":69,"column":44}}],"line":69},"2":{"loc":{"start":{"line":89,"column":16},"end":{"line":94,"column":17}},"type":"if","locations":[{"start":{"line":89,"column":16},"end":{"line":94,"column":17}},{"start":{},"end":{}}],"line":89},"3":{"loc":{"start":{"line":89,"column":20},"end":{"line":89,"column":44}},"type":"binary-expr","locations":[{"start":{"line":89,"column":20},"end":{"line":89,"column":29}},{"start":{"line":89,"column":33},"end":{"line":89,"column":44}}],"line":89}},"s":{"0":1,"1":1,"2":0,"3":1,"4":1,"5":0,"6":0,"7":0,"8":0,"9":0,"10":0,"11":0,"12":0,"13":0,"14":1,"15":0,"16":0,"17":0,"18":0,"19":0,"20":0,"21":0,"22":0,"23":0,"24":0,"25":0,"26":0,"27":0,"28":0,"29":0,"30":0,"31":0,"32":0,"33":0,"34":0,"35":0,"36":0,"37":0,"38":0,"39":0,"40":0,"41":0,"42":0,"43":0,"44":0,"45":0,"46":0,"47":0,"48":0,"49":1,"50":0,"51":0,"52":0,"53":0,"54":0,"55":0,"56":0,"57":0,"58":0,"59":0,"60":0,"61":0,"62":0,"63":0,"64":0,"65":0,"66":0,"67":0,"68":0,"69":0,"70":0,"71":0,"72":1},"f":{"0":0,"1":1,"2":0,"3":0,"4":0,"5":0,"6":0,"7":0,"8":0,"9":0,"10":0,"11":0,"12":0,"13":0,"14":0,"15":0,"16":0,"17":0,"18":0,"19":0,"20":0,"21":0,"22":0,"23":0,"24":0,"25":0,"26":0,"27":0,"28":0,"29":0,"30":0,"31":0,"32":0,"33":0},"b":{"0":[0,0],"1":[0,0],"2":[0,0],"3":[0,0]},"_coverageSchema":"1a1c01bbd47fc00a2c39e90264f33305004495a9","hash":"86ab901bb380f29ed9625ffb8c3795b80aed2129"}
}
