{"/Users/ryanflatley/Documents/GitHub/lab-02-rflatley441/homework2-problemset-rflatley441/SE4/frontend/src/assets/CircleTile.vue": {"path":"/Users/ryanflatley/Documents/GitHub/lab-02-rflatley441/homework2-problemset-rflatley441/SE4/frontend/src/assets/CircleTile.vue","statementMap":{"0":{"start":{"line":4,"column":0},"end":{"line":6,"column":3}},"1":{"start":{"line":7,"column":0},"end":{"line":7,"column":25}},"2":{"start":{"line":8,"column":15},"end":{"line":24,"column":1}},"3":{"start":{"line":25,"column":0},"end":{"line":25,"column":13}},"4":{"start":{"line":27,"column":0},"end":{"line":29,"column":3}},"5":{"start":{"line":30,"column":0},"end":{"line":30,"column":24}},"6":{"start":{"line":31,"column":11},"end":{"line":31,"column":25}},"7":{"start":{"line":32,"column":19},"end":{"line":32,"column":38}},"8":{"start":{"line":33,"column":19},"end":{"line":35,"column":1}},"9":{"start":{"line":36,"column":32},"end":{"line":42,"column":26}},"10":{"start":{"line":43,"column":19},"end":{"line":43,"column":27}},"11":{"start":{"line":45,"column":32},"end":{"line":45,"column":71}},"12":{"start":{"line":46,"column":30},"end":{"line":46,"column":67}},"13":{"start":{"line":47,"column":31},"end":{"line":47,"column":69}},"14":{"start":{"line":48,"column":30},"end":{"line":48,"column":67}},"15":{"start":{"line":49,"column":30},"end":{"line":49,"column":67}},"16":{"start":{"line":50,"column":2},"end":{"line":77,"column":119}},"17":{"start":{"line":60,"column":37},"end":{"line":70,"column":7}},"18":{"start":{"line":63,"column":39},"end":{"line":68,"column":54}},"19":{"start":{"line":64,"column":41},"end":{"line":64,"column":85}},"20":{"start":{"line":78,"column":2},"end":{"line":78,"column":49}}},"fnMap":{"0":{"name":"render","decl":{"start":{"line":44,"column":9},"end":{"line":44,"column":15}},"loc":{"start":{"line":44,"column":30},"end":{"line":78,"column":1}},"line":44},"1":{"name":"(anonymous_1)","decl":{"start":{"line":60,"column":31},"end":{"line":60,"column":32}},"loc":{"start":{"line":60,"column":37},"end":{"line":70,"column":7}},"line":60},"2":{"name":"(anonymous_2)","decl":{"start":{"line":63,"column":33},"end":{"line":63,"column":34}},"loc":{"start":{"line":63,"column":39},"end":{"line":68,"column":54}},"line":63},"3":{"name":"(anonymous_3)","decl":{"start":{"line":64,"column":35},"end":{"line":64,"column":36}},"loc":{"start":{"line":64,"column":41},"end":{"line":64,"column":85}},"line":64}},"branchMap":{},"s":{"0":1,"1":1,"2":1,"3":1,"4":1,"5":1,"6":1,"7":1,"8":1,"9":1,"10":1,"11":0,"12":0,"13":0,"14":0,"15":0,"16":0,"17":0,"18":0,"19":0,"20":1},"f":{"0":0,"1":0,"2":0,"3":0},"b":{},"inputSourceMap":{"0":"{","1":"\"","2":"v","3":"e","4":"r","5":"s","6":"i","7":"o","8":"n","9":"\"","10":":","11":"3","12":",","13":"\"","14":"s","15":"o","16":"u","17":"r","18":"c","19":"e","20":"s","21":"\"","22":":","23":"[","24":"\"","25":"/","26":"U","27":"s","28":"e","29":"r","30":"s","31":"/","32":"r","33":"y","34":"a","35":"n","36":"f","37":"l","38":"a","39":"t","40":"l","41":"e","42":"y","43":"/","44":"D","45":"o","46":"c","47":"u","48":"m","49":"e","50":"n","51":"t","52":"s","53":"/","54":"G","55":"i","56":"t","57":"H","58":"u","59":"b","60":"/","61":"l","62":"a","63":"b","64":"-","65":"0","66":"2","67":"-","68":"r","69":"f","70":"l","71":"a","72":"t","73":"l","74":"e","75":"y","76":"4","77":"4","78":"1","79":"/","80":"h","81":"o","82":"m","83":"e","84":"w","85":"o","86":"r","87":"k","88":"2","89":"-","90":"p","91":"r","92":"o","93":"b","94":"l","95":"e","96":"m","97":"s","98":"e","99":"t","100":"-","101":"r","102":"f","103":"l","104":"a","105":"t","106":"l","107":"e","108":"y","109":"4","110":"4","111":"1","112":"/","113":"S","114":"E","115":"4","116":"/","117":"f","118":"r","119":"o","120":"n","121":"t","122":"e","123":"n","124":"d","125":"/","126":"s","127":"r","128":"c","129":"/","130":"a","131":"s","132":"s","133":"e","134":"t","135":"s","136":"/","137":"C","138":"i","139":"r","140":"c","141":"l","142":"e","143":"T","144":"i","145":"l","146":"e","147":".","148":"v","149":"u","150":"e","151":"\"","152":"]","153":",","154":"\"","155":"n","156":"a","157":"m","158":"e","159":"s","160":"\"","161":":","162":"[","163":"]","164":",","165":"\"","166":"m","167":"a","168":"p","169":"p","170":"i","171":"n","172":"g","173":"s","174":"\"","175":":","176":"\"","177":";","178":";","179":";","180":";","181":";","182":";","183":";","184":"i","185":"C","186":"A","187":"o","188":"B","189":"e","190":";","191":"E","192":"A","193":"C","194":"X","195":",","196":"I","197":"A","198":"A","199":"I","200":",","201":"E","202":"A","203":"A","204":"E","205":",","206":"Y","207":"A","208":"A","209":"Y","210":";","211":"E","212":"A","213":"E","214":"l","215":"B","216":",","217":"K","218":"A","219":"A","220":"K","221":",","222":"E","223":"A","224":"A","225":"E","226":";","227":"I","228":"A","229":"C","230":"H","231":",","232":"S","233":"A","234":"A","235":"S","236":",","237":"E","238":"A","239":"A","240":"E","241":";","242":"M","243":"A","244":"C","245":"P","246":",","247":"I","248":"A","249":"A","250":"I","251":",","252":"E","253":"A","254":"A","255":"E","256":",","257":"M","258":"A","259":"A","260":"M","261":";","262":"M","263":"A","264":"C","265":"Z","266":",","267":"O","268":"A","269":"A","270":"O","271":",","272":"E","273":"A","274":"A","275":"E","276":";","277":"I","278":"A","279":"C","280":"b","281":",","282":"C","283":"A","284":"A","285":"C","286":";","287":"I","288":"A","289":"C","290":"D","291":",","292":"M","293":"A","294":"A","295":"M","296":",","297":"E","298":"A","299":"A","300":"E","301":";","302":"M","303":"A","304":"C","305":"J","306":",","307":"I","308":"A","309":"A","310":"I","311":",","312":"E","313":"A","314":"A","315":"E","316":",","317":"M","318":"A","319":"A","320":"M","321":";","322":"M","323":"A","324":"C","325":"Z","326":",","327":"O","328":"A","329":"A","330":"O","331":",","332":"E","333":"A","334":"A","335":"E","336":";","337":"I","338":"A","339":"C","340":"b","341":",","342":"C","343":"A","344":"A","345":"C","346":";","347":"I","348":"A","349":"C","350":"D","351":",","352":"K","353":"A","354":"A","355":"K","356":",","357":"E","358":"A","359":"A","360":"E","361":";","362":"M","363":"A","364":"C","365":"H","366":",","367":"I","368":"A","369":"A","370":"I","371":",","372":"E","373":"A","374":"A","375":"E","376":",","377":"M","378":"A","379":"A","380":"M","381":";","382":"M","383":"A","384":"C","385":"Z","386":",","387":"O","388":"A","389":"A","390":"O","391":",","392":"E","393":"A","394":"A","395":"E","396":";","397":"I","398":"A","399":"C","400":"b","401":";","402":"E","403":"A","404":"C","405":"J","406":";","407":"A","408":"A","409":"C","410":"J","411":",","412":"C","413":"A","414":"A","415":"C","416":"\"","417":",","418":"\"","419":"f","420":"i","421":"l","422":"e","423":"\"","424":":","425":"\"","426":"/","427":"U","428":"s","429":"e","430":"r","431":"s","432":"/","433":"r","434":"y","435":"a","436":"n","437":"f","438":"l","439":"a","440":"t","441":"l","442":"e","443":"y","444":"/","445":"D","446":"o","447":"c","448":"u","449":"m","450":"e","451":"n","452":"t","453":"s","454":"/","455":"G","456":"i","457":"t","458":"H","459":"u","460":"b","461":"/","462":"l","463":"a","464":"b","465":"-","466":"0","467":"2","468":"-","469":"r","470":"f","471":"l","472":"a","473":"t","474":"l","475":"e","476":"y","477":"4","478":"4","479":"1","480":"/","481":"h","482":"o","483":"m","484":"e","485":"w","486":"o","487":"r","488":"k","489":"2","490":"-","491":"p","492":"r","493":"o","494":"b","495":"l","496":"e","497":"m","498":"s","499":"e","500":"t","501":"-","502":"r","503":"f","504":"l","505":"a","506":"t","507":"l","508":"e","509":"y","510":"4","511":"4","512":"1","513":"/","514":"S","515":"E","516":"4","517":"/","518":"f","519":"r","520":"o","521":"n","522":"t","523":"e","524":"n","525":"d","526":"/","527":"s","528":"r","529":"c","530":"/","531":"a","532":"s","533":"s","534":"e","535":"t","536":"s","537":"/","538":"C","539":"i","540":"r","541":"c","542":"l","543":"e","544":"T","545":"i","546":"l","547":"e","548":".","549":"v","550":"u","551":"e","552":"\"","553":",","554":"\"","555":"s","556":"o","557":"u","558":"r","559":"c","560":"e","561":"s","562":"C","563":"o","564":"n","565":"t","566":"e","567":"n","568":"t","569":"\"","570":":","571":"[","572":"\"","573":"<","574":"t","575":"e","576":"m","577":"p","578":"l","579":"a","580":"t","581":"e","582":">","583":"\\","584":"r","585":"\\","586":"n","587":" ","588":" ","589":" ","590":" ","591":"<","592":"!","593":"-","594":"-","595":" ","596":"C","597":"r","598":"e","599":"a","600":"t","601":"e","602":"d","603":" ","604":"w","605":"i","606":"t","607":"h","608":" ","609":"I","610":"n","611":"k","612":"s","613":"c","614":"a","615":"p","616":"e","617":" ","618":"(","619":"h","620":"t","621":"t","622":"p","623":":","624":"/","625":"/","626":"w","627":"w","628":"w","629":".","630":"i","631":"n","632":"k","633":"s","634":"c","635":"a","636":"p","637":"e","638":".","639":"o","640":"r","641":"g","642":"/","643":")","644":" ","645":"-","646":"-","647":">","648":"\\","649":"r","650":"\\","651":"n","652":" ","653":" ","654":" ","655":" ","656":"<","657":"s","658":"v","659":"g","660":" ","661":":","662":"w","663":"i","664":"d","665":"t","666":"h","667":"=","668":"\\","669":"\"","670":"t","671":"h","672":"i","673":"s","674":".","675":"w","676":"i","677":"d","678":"t","679":"h","680":"\\","681":"\"","682":" ","683":":","684":"h","685":"e","686":"i","687":"g","688":"h","689":"t","690":"=","691":"\\","692":"\"","693":"t","694":"h","695":"i","696":"s","697":".","698":"h","699":"e","700":"i","701":"g","702":"h","703":"t","704":"\\","705":"\"","706":" ","707":"v","708":"e","709":"r","710":"s","711":"i","712":"o","713":"n","714":"=","715":"\\","716":"\"","717":"1","718":".","719":"1","720":"\\","721":"\"","722":" ","723":"v","724":"i","725":"e","726":"w","727":"B","728":"o","729":"x","730":"=","731":"\\","732":"\"","733":"0","734":" ","735":"0","736":" ","737":"2","738":"0","739":"0","740":" ","741":"2","742":"0","743":"0","744":"\\","745":"\"","746":" ","747":"x","748":"m","749":"l","750":"n","751":"s","752":"=","753":"\\","754":"\"","755":"h","756":"t","757":"t","758":"p","759":":","760":"/","761":"/","762":"w","763":"w","764":"w","765":".","766":"w","767":"3","768":".","769":"o","770":"r","771":"g","772":"/","773":"2","774":"0","775":"0","776":"0","777":"/","778":"s","779":"v","780":"g","781":"\\","782":"\"","783":" ","784":"x","785":"m","786":"l","787":"n","788":"s","789":":","790":"c","791":"c","792":"=","793":"\\","794":"\"","795":"h","796":"t","797":"t","798":"p","799":":","800":"/","801":"/","802":"c","803":"r","804":"e","805":"a","806":"t","807":"i","808":"v","809":"e","810":"c","811":"o","812":"m","813":"m","814":"o","815":"n","816":"s","817":".","818":"o","819":"r","820":"g","821":"/","822":"n","823":"s","824":"#","825":"\\","826":"\"","827":" ","828":"x","829":"m","830":"l","831":"n","832":"s","833":":","834":"d","835":"c","836":"=","837":"\\","838":"\"","839":"h","840":"t","841":"t","842":"p","843":":","844":"/","845":"/","846":"p","847":"u","848":"r","849":"l","850":".","851":"o","852":"r","853":"g","854":"/","855":"d","856":"c","857":"/","858":"e","859":"l","860":"e","861":"m","862":"e","863":"n","864":"t","865":"s","866":"/","867":"1","868":".","869":"1","870":"/","871":"\\","872":"\"","873":" ","874":"x","875":"m","876":"l","877":"n","878":"s","879":":","880":"r","881":"d","882":"f","883":"=","884":"\\","885":"\"","886":"h","887":"t","888":"t","889":"p","890":":","891":"/","892":"/","893":"w","894":"w","895":"w","896":".","897":"w","898":"3","899":".","900":"o","901":"r","902":"g","903":"/","904":"1","905":"9","906":"9","907":"9","908":"/","909":"0","910":"2","911":"/","912":"2","913":"2","914":"-","915":"r","916":"d","917":"f","918":"-","919":"s","920":"y","921":"n","922":"t","923":"a","924":"x","925":"-","926":"n","927":"s","928":"#","929":"\\","930":"\"","931":">","932":"\\","933":"r","934":"\\","935":"n","936":" ","937":" ","938":" ","939":" ","940":"<","941":"m","942":"e","943":"t","944":"a","945":"d","946":"a","947":"t","948":"a","949":">","950":"\\","951":"r","952":"\\","953":"n","954":" ","955":" ","956":" ","957":" ","958":"<","959":"r","960":"d","961":"f","962":":","963":"R","964":"D","965":"F","966":">","967":"\\","968":"r","969":"\\","970":"n","971":" ","972":" ","973":" ","974":" ","975":"<","976":"c","977":"c","978":":","979":"W","980":"o","981":"r","982":"k","983":" ","984":"r","985":"d","986":"f","987":":","988":"a","989":"b","990":"o","991":"u","992":"t","993":"=","994":"\\","995":"\"","996":"\\","997":"\"","998":">","999":"\\","1000":"r","1001":"\\","1002":"n","1003":" ","1004":" ","1005":" ","1006":" ","1007":" ","1008":" ","1009":" ","1010":" ","1011":"<","1012":"d","1013":"c","1014":":","1015":"f","1016":"o","1017":"r","1018":"m","1019":"a","1020":"t","1021":">","1022":"i","1023":"m","1024":"a","1025":"g","1026":"e","1027":"/","1028":"s","1029":"v","1030":"g","1031":"+","1032":"x","1033":"m","1034":"l","1035":"<","1036":"/","1037":"d","1038":"c","1039":":","1040":"f","1041":"o","1042":"r","1043":"m","1044":"a","1045":"t","1046":">","1047":"\\","1048":"r","1049":"\\","1050":"n","1051":" ","1052":" ","1053":" ","1054":" ","1055":" ","1056":" ","1057":" ","1058":" ","1059":"<","1060":"d","1061":"c","1062":":","1063":"t","1064":"y","1065":"p","1066":"e","1067":" ","1068":"r","1069":"d","1070":"f","1071":":","1072":"r","1073":"e","1074":"s","1075":"o","1076":"u","1077":"r","1078":"c","1079":"e","1080":"=","1081":"\\","1082":"\"","1083":"h","1084":"t","1085":"t","1086":"p","1087":":","1088":"/","1089":"/","1090":"p","1091":"u","1092":"r","1093":"l","1094":".","1095":"o","1096":"r","1097":"g","1098":"/","1099":"d","1100":"c","1101":"/","1102":"d","1103":"c","1104":"m","1105":"i","1106":"t","1107":"y","1108":"p","1109":"e","1110":"/","1111":"S","1112":"t","1113":"i","1114":"l","1115":"l","1116":"I","1117":"m","1118":"a","1119":"g","1120":"e","1121":"\\","1122":"\"","1123":"/","1124":">","1125":"\\","1126":"r","1127":"\\","1128":"n","1129":" ","1130":" ","1131":" ","1132":" ","1133":" ","1134":" ","1135":" ","1136":" ","1137":"<","1138":"d","1139":"c","1140":":","1141":"t","1142":"i","1143":"t","1144":"l","1145":"e","1146":"/","1147":">","1148":"\\","1149":"r","1150":"\\","1151":"n","1152":" ","1153":" ","1154":" ","1155":" ","1156":"<","1157":"/","1158":"c","1159":"c","1160":":","1161":"W","1162":"o","1163":"r","1164":"k","1165":">","1166":"\\","1167":"r","1168":"\\","1169":"n","1170":" ","1171":" ","1172":" ","1173":" ","1174":"<","1175":"/","1176":"r","1177":"d","1178":"f","1179":":","1180":"R","1181":"D","1182":"F","1183":">","1184":"\\","1185":"r","1186":"\\","1187":"n","1188":" ","1189":" ","1190":" ","1191":" ","1192":"<","1193":"/","1194":"m","1195":"e","1196":"t","1197":"a","1198":"d","1199":"a","1200":"t","1201":"a","1202":">","1203":"\\","1204":"r","1205":"\\","1206":"n","1207":" ","1208":" ","1209":" ","1210":" ","1211":"<","1212":"g","1213":" ","1214":"t","1215":"r","1216":"a","1217":"n","1218":"s","1219":"f","1220":"o","1221":"r","1222":"m","1223":"=","1224":"\\","1225":"\"","1226":"t","1227":"r","1228":"a","1229":"n","1230":"s","1231":"l","1232":"a","1233":"t","1234":"e","1235":"(","1236":"0","1237":" ","1238":"-","1239":"9","1240":"2","1241":"2","1242":".","1243":"5","1244":"2","1245":")","1246":"\\","1247":"\"","1248":">","1249":"\\","1250":"r","1251":"\\","1252":"n","1253":" ","1254":" ","1255":" ","1256":" ","1257":"<","1258":"r","1259":"e","1260":"c","1261":"t","1262":" ","1263":"y","1264":"=","1265":"\\","1266":"\"","1267":"9","1268":"2","1269":"2","1270":".","1271":"5","1272":"2","1273":"\\","1274":"\"","1275":" ","1276":"w","1277":"i","1278":"d","1279":"t","1280":"h","1281":"=","1282":"\\","1283":"\"","1284":"2","1285":"0","1286":"0","1287":"\\","1288":"\"","1289":" ","1290":"h","1291":"e","1292":"i","1293":"g","1294":"h","1295":"t","1296":"=","1297":"\\","1298":"\"","1299":"2","1300":"0","1301":"0","1302":"\\","1303":"\"","1304":" ","1305":"r","1306":"x","1307":"=","1308":"\\","1309":"\"","1310":"1","1311":"0","1312":"\\","1313":"\"","1314":" ","1315":"r","1316":"y","1317":"=","1318":"\\","1319":"\"","1320":"1","1321":"0","1322":"\\","1323":"\"","1324":"/","1325":">","1326":"\\","1327":"r","1328":"\\","1329":"n","1330":" ","1331":" ","1332":" ","1333":" ","1334":"<","1335":"c","1336":"i","1337":"r","1338":"c","1339":"l","1340":"e","1341":" ","1342":"c","1343":"x","1344":"=","1345":"\\","1346":"\"","1347":"1","1348":"0","1349":"0","1350":"\\","1351":"\"","1352":" ","1353":"c","1354":"y","1355":"=","1356":"\\","1357":"\"","1358":"1","1359":"0","1360":"2","1361":"2","1362":".","1363":"5","1364":"\\","1365":"\"","1366":" ","1367":"r","1368":"=","1369":"\\","1370":"\"","1371":"8","1372":"0","1373":"\\","1374":"\"","1375":" ","1376":":","1377":"f","1378":"i","1379":"l","1380":"l","1381":"=","1382":"\\","1383":"\"","1384":"t","1385":"h","1386":"i","1387":"s","1388":".","1389":"f","1390":"i","1391":"l","1392":"l","1393":"C","1394":"o","1395":"l","1396":"o","1397":"r","1398":"\\","1399":"\"","1400":"/","1401":">","1402":"\\","1403":"r","1404":"\\","1405":"n","1406":" ","1407":" ","1408":" ","1409":" ","1410":"<","1411":"/","1412":"g","1413":">","1414":"\\","1415":"r","1416":"\\","1417":"n","1418":" ","1419":" ","1420":" ","1421":" ","1422":"<","1423":"/","1424":"s","1425":"v","1426":"g","1427":">","1428":"\\","1429":"r","1430":"\\","1431":"n","1432":"<","1433":"/","1434":"t","1435":"e","1436":"m","1437":"p","1438":"l","1439":"a","1440":"t","1441":"e","1442":">","1443":"\\","1444":"r","1445":"\\","1446":"n","1447":"\\","1448":"r","1449":"\\","1450":"n","1451":"<","1452":"s","1453":"c","1454":"r","1455":"i","1456":"p","1457":"t","1458":">","1459":"\\","1460":"r","1461":"\\","1462":"n","1463":"e","1464":"x","1465":"p","1466":"o","1467":"r","1468":"t","1469":" ","1470":"d","1471":"e","1472":"f","1473":"a","1474":"u","1475":"l","1476":"t","1477":" ","1478":"{","1479":"\\","1480":"r","1481":"\\","1482":"n","1483":" ","1484":" ","1485":" ","1486":" ","1487":"n","1488":"a","1489":"m","1490":"e","1491":":","1492":" ","1493":"\\","1494":"\"","1495":"C","1496":"i","1497":"r","1498":"c","1499":"l","1500":"e","1501":"T","1502":"i","1503":"l","1504":"e","1505":"\\","1506":"\"","1507":",","1508":"\\","1509":"r","1510":"\\","1511":"n","1512":"\\","1513":"r","1514":"\\","1515":"n","1516":" ","1517":" ","1518":" ","1519":" ","1520":"p","1521":"r","1522":"o","1523":"p","1524":"s","1525":":","1526":" ","1527":"{","1528":"\\","1529":"r","1530":"\\","1531":"n","1532":" ","1533":" ","1534":" ","1535":" ","1536":" ","1537":" ","1538":" ","1539":" ","1540":"f","1541":"i","1542":"l","1543":"l","1544":"C","1545":"o","1546":"l","1547":"o","1548":"r","1549":":","1550":" ","1551":"{","1552":"\\","1553":"r","1554":"\\","1555":"n","1556":" ","1557":" ","1558":" ","1559":" ","1560":" ","1561":" ","1562":" ","1563":" ","1564":" ","1565":" ","1566":" ","1567":" ","1568":"t","1569":"y","1570":"p","1571":"e","1572":":","1573":" ","1574":"S","1575":"t","1576":"r","1577":"i","1578":"n","1579":"g","1580":",","1581":"\\","1582":"r","1583":"\\","1584":"n","1585":" ","1586":" ","1587":" ","1588":" ","1589":" ","1590":" ","1591":" ","1592":" ","1593":" ","1594":" ","1595":" ","1596":" ","1597":"d","1598":"e","1599":"f","1600":"a","1601":"u","1602":"l","1603":"t","1604":":","1605":" ","1606":"\\","1607":"\"","1608":"#","1609":"f","1610":"f","1611":"f","1612":"\\","1613":"\"","1614":",","1615":"\\","1616":"r","1617":"\\","1618":"n","1619":" ","1620":" ","1621":" ","1622":" ","1623":" ","1624":" ","1625":" ","1626":" ","1627":"}","1628":",","1629":"\\","1630":"r","1631":"\\","1632":"n","1633":" ","1634":" ","1635":" ","1636":" ","1637":" ","1638":" ","1639":" ","1640":" ","1641":"h","1642":"e","1643":"i","1644":"g","1645":"h","1646":"t","1647":":","1648":" ","1649":"{","1650":"\\","1651":"r","1652":"\\","1653":"n","1654":" ","1655":" ","1656":" ","1657":" ","1658":" ","1659":" ","1660":" ","1661":" ","1662":" ","1663":" ","1664":" ","1665":" ","1666":"t","1667":"y","1668":"p","1669":"e","1670":":","1671":" ","1672":"N","1673":"u","1674":"m","1675":"b","1676":"e","1677":"r","1678":",","1679":"\\","1680":"r","1681":"\\","1682":"n","1683":" ","1684":" ","1685":" ","1686":" ","1687":" ","1688":" ","1689":" ","1690":" ","1691":" ","1692":" ","1693":" ","1694":" ","1695":"d","1696":"e","1697":"f","1698":"a","1699":"u","1700":"l","1701":"t","1702":":","1703":" ","1704":"2","1705":"0","1706":"0","1707":"\\","1708":"r","1709":"\\","1710":"n","1711":" ","1712":" ","1713":" ","1714":" ","1715":" ","1716":" ","1717":" ","1718":" ","1719":"}","1720":",","1721":"\\","1722":"r","1723":"\\","1724":"n","1725":" ","1726":" ","1727":" ","1728":" ","1729":" ","1730":" ","1731":" ","1732":" ","1733":"w","1734":"i","1735":"d","1736":"t","1737":"h","1738":":","1739":" ","1740":"{","1741":"\\","1742":"r","1743":"\\","1744":"n","1745":" ","1746":" ","1747":" ","1748":" ","1749":" ","1750":" ","1751":" ","1752":" ","1753":" ","1754":" ","1755":" ","1756":" ","1757":"t","1758":"y","1759":"p","1760":"e","1761":":","1762":" ","1763":"N","1764":"u","1765":"m","1766":"b","1767":"e","1768":"r","1769":",","1770":"\\","1771":"r","1772":"\\","1773":"n","1774":" ","1775":" ","1776":" ","1777":" ","1778":" ","1779":" ","1780":" ","1781":" ","1782":" ","1783":" ","1784":" ","1785":" ","1786":"d","1787":"e","1788":"f","1789":"a","1790":"u","1791":"l","1792":"t","1793":":","1794":" ","1795":"2","1796":"0","1797":"0","1798":"\\","1799":"r","1800":"\\","1801":"n","1802":" ","1803":" ","1804":" ","1805":" ","1806":" ","1807":" ","1808":" ","1809":" ","1810":"}","1811":"\\","1812":"r","1813":"\\","1814":"n","1815":" ","1816":" ","1817":" ","1818":" ","1819":"}","1820":"\\","1821":"r","1822":"\\","1823":"n","1824":"}","1825":"\\","1826":"r","1827":"\\","1828":"n","1829":"<","1830":"/","1831":"s","1832":"c","1833":"r","1834":"i","1835":"p","1836":"t","1837":">","1838":"\"","1839":"]","1840":"}"},"_coverageSchema":"1a1c01bbd47fc00a2c39e90264f33305004495a9","hash":"8ec1a638722cc1d712781a0ebbf227c69a7817d8"}
,"/Users/ryanflatley/Documents/GitHub/lab-02-rflatley441/homework2-problemset-rflatley441/SE4/frontend/src/assets/CloverTile.vue": {"path":"/Users/ryanflatley/Documents/GitHub/lab-02-rflatley441/homework2-problemset-rflatley441/SE4/frontend/src/assets/CloverTile.vue","statementMap":{"0":{"start":{"line":4,"column":0},"end":{"line":6,"column":3}},"1":{"start":{"line":7,"column":0},"end":{"line":7,"column":25}},"2":{"start":{"line":8,"column":15},"end":{"line":24,"column":1}},"3":{"start":{"line":25,"column":0},"end":{"line":25,"column":13}},"4":{"start":{"line":27,"column":0},"end":{"line":29,"column":3}},"5":{"start":{"line":30,"column":0},"end":{"line":30,"column":24}},"6":{"start":{"line":31,"column":11},"end":{"line":31,"column":25}},"7":{"start":{"line":32,"column":19},"end":{"line":32,"column":38}},"8":{"start":{"line":33,"column":19},"end":{"line":35,"column":1}},"9":{"start":{"line":36,"column":32},"end":{"line":42,"column":26}},"10":{"start":{"line":43,"column":32},"end":{"line":50,"column":26}},"11":{"start":{"line":51,"column":32},"end":{"line":57,"column":26}},"12":{"start":{"line":58,"column":19},"end":{"line":58,"column":27}},"13":{"start":{"line":60,"column":32},"end":{"line":60,"column":71}},"14":{"start":{"line":61,"column":30},"end":{"line":61,"column":67}},"15":{"start":{"line":62,"column":31},"end":{"line":62,"column":69}},"16":{"start":{"line":63,"column":30},"end":{"line":63,"column":67}},"17":{"start":{"line":64,"column":30},"end":{"line":64,"column":67}},"18":{"start":{"line":65,"column":2},"end":{"line":90,"column":119}},"19":{"start":{"line":75,"column":37},"end":{"line":85,"column":7}},"20":{"start":{"line":78,"column":39},"end":{"line":83,"column":54}},"21":{"start":{"line":79,"column":41},"end":{"line":79,"column":85}},"22":{"start":{"line":91,"column":2},"end":{"line":91,"column":49}}},"fnMap":{"0":{"name":"render","decl":{"start":{"line":59,"column":9},"end":{"line":59,"column":15}},"loc":{"start":{"line":59,"column":30},"end":{"line":91,"column":1}},"line":59},"1":{"name":"(anonymous_1)","decl":{"start":{"line":75,"column":31},"end":{"line":75,"column":32}},"loc":{"start":{"line":75,"column":37},"end":{"line":85,"column":7}},"line":75},"2":{"name":"(anonymous_2)","decl":{"start":{"line":78,"column":33},"end":{"line":78,"column":34}},"loc":{"start":{"line":78,"column":39},"end":{"line":83,"column":54}},"line":78},"3":{"name":"(anonymous_3)","decl":{"start":{"line":79,"column":35},"end":{"line":79,"column":36}},"loc":{"start":{"line":79,"column":41},"end":{"line":79,"column":85}},"line":79}},"branchMap":{},"s":{"0":1,"1":1,"2":1,"3":1,"4":1,"5":1,"6":1,"7":1,"8":1,"9":1,"10":1,"11":1,"12":1,"13":0,"14":0,"15":0,"16":0,"17":0,"18":0,"19":0,"20":0,"21":0,"22":1},"f":{"0":0,"1":0,"2":0,"3":0},"b":{},"inputSourceMap":{"0":"{","1":"\"","2":"v","3":"e","4":"r","5":"s","6":"i","7":"o","8":"n","9":"\"","10":":","11":"3","12":",","13":"\"","14":"s","15":"o","16":"u","17":"r","18":"c","19":"e","20":"s","21":"\"","22":":","23":"[","24":"\"","25":"/","26":"U","27":"s","28":"e","29":"r","30":"s","31":"/","32":"r","33":"y","34":"a","35":"n","36":"f","37":"l","38":"a","39":"t","40":"l","41":"e","42":"y","43":"/","44":"D","45":"o","46":"c","47":"u","48":"m","49":"e","50":"n","51":"t","52":"s","53":"/","54":"G","55":"i","56":"t","57":"H","58":"u","59":"b","60":"/","61":"l","62":"a","63":"b","64":"-","65":"0","66":"2","67":"-","68":"r","69":"f","70":"l","71":"a","72":"t","73":"l","74":"e","75":"y","76":"4","77":"4","78":"1","79":"/","80":"h","81":"o","82":"m","83":"e","84":"w","85":"o","86":"r","87":"k","88":"2","89":"-","90":"p","91":"r","92":"o","93":"b","94":"l","95":"e","96":"m","97":"s","98":"e","99":"t","100":"-","101":"r","102":"f","103":"l","104":"a","105":"t","106":"l","107":"e","108":"y","109":"4","110":"4","111":"1","112":"/","113":"S","114":"E","115":"4","116":"/","117":"f","118":"r","119":"o","120":"n","121":"t","122":"e","123":"n","124":"d","125":"/","126":"s","127":"r","128":"c","129":"/","130":"a","131":"s","132":"s","133":"e","134":"t","135":"s","136":"/","137":"C","138":"l","139":"o","140":"v","141":"e","142":"r","143":"T","144":"i","145":"l","146":"e","147":".","148":"v","149":"u","150":"e","151":"\"","152":"]","153":",","154":"\"","155":"n","156":"a","157":"m","158":"e","159":"s","160":"\"","161":":","162":"[","163":"]","164":",","165":"\"","166":"m","167":"a","168":"p","169":"p","170":"i","171":"n","172":"g","173":"s","174":"\"","175":":","176":"\"","177":";","178":";","179":";","180":";","181":";","182":";","183":";","184":"i","185":"C","186":"A","187":"s","188":"B","189":"e","190":";","191":"E","192":"A","193":"C","194":"X","195":",","196":"I","197":"A","198":"A","199":"I","200":",","201":"E","202":"A","203":"A","204":"E","205":",","206":"Y","207":"A","208":"A","209":"Y","210":";","211":"E","212":"A","213":"C","214":"l","215":"B","216":",","217":"K","218":"A","219":"A","220":"K","221":",","222":"E","223":"A","224":"A","225":"E","226":";","227":"I","228":"A","229":"C","230":"H","231":",","232":"S","233":"A","234":"A","235":"S","236":",","237":"E","238":"A","239":"A","240":"E","241":";","242":"M","243":"A","244":"C","245":"P","246":",","247":"I","248":"A","249":"A","250":"I","251":",","252":"E","253":"A","254":"A","255":"E","256":",","257":"M","258":"A","259":"A","260":"M","261":";","262":"M","263":"A","264":"C","265":"Z","266":",","267":"O","268":"A","269":"A","270":"O","271":",","272":"E","273":"A","274":"A","275":"E","276":";","277":"I","278":"A","279":"C","280":"b","281":",","282":"C","283":"A","284":"A","285":"C","286":";","287":"I","288":"A","289":"C","290":"D","291":",","292":"M","293":"A","294":"A","295":"M","296":",","297":"E","298":"A","299":"A","300":"E","301":";","302":"M","303":"A","304":"C","305":"J","306":",","307":"I","308":"A","309":"A","310":"I","311":",","312":"E","313":"A","314":"A","315":"E","316":",","317":"M","318":"A","319":"A","320":"M","321":";","322":"M","323":"A","324":"C","325":"Z","326":",","327":"O","328":"A","329":"A","330":"O","331":",","332":"E","333":"A","334":"A","335":"E","336":";","337":"I","338":"A","339":"C","340":"b","341":",","342":"C","343":"A","344":"A","345":"C","346":";","347":"I","348":"A","349":"C","350":"D","351":",","352":"K","353":"A","354":"A","355":"K","356":",","357":"E","358":"A","359":"A","360":"E","361":";","362":"M","363":"A","364":"C","365":"H","366":",","367":"I","368":"A","369":"A","370":"I","371":",","372":"E","373":"A","374":"A","375":"E","376":",","377":"M","378":"A","379":"A","380":"M","381":";","382":"M","383":"A","384":"C","385":"Z","386":",","387":"O","388":"A","389":"A","390":"O","391":",","392":"E","393":"A","394":"A","395":"E","396":";","397":"I","398":"A","399":"C","400":"b","401":";","402":"E","403":"A","404":"C","405":"J","406":";","407":"A","408":"A","409":"C","410":"J","411":",","412":"C","413":"A","414":"A","415":"C","416":"\"","417":",","418":"\"","419":"f","420":"i","421":"l","422":"e","423":"\"","424":":","425":"\"","426":"/","427":"U","428":"s","429":"e","430":"r","431":"s","432":"/","433":"r","434":"y","435":"a","436":"n","437":"f","438":"l","439":"a","440":"t","441":"l","442":"e","443":"y","444":"/","445":"D","446":"o","447":"c","448":"u","449":"m","450":"e","451":"n","452":"t","453":"s","454":"/","455":"G","456":"i","457":"t","458":"H","459":"u","460":"b","461":"/","462":"l","463":"a","464":"b","465":"-","466":"0","467":"2","468":"-","469":"r","470":"f","471":"l","472":"a","473":"t","474":"l","475":"e","476":"y","477":"4","478":"4","479":"1","480":"/","481":"h","482":"o","483":"m","484":"e","485":"w","486":"o","487":"r","488":"k","489":"2","490":"-","491":"p","492":"r","493":"o","494":"b","495":"l","496":"e","497":"m","498":"s","499":"e","500":"t","501":"-","502":"r","503":"f","504":"l","505":"a","506":"t","507":"l","508":"e","509":"y","510":"4","511":"4","512":"1","513":"/","514":"S","515":"E","516":"4","517":"/","518":"f","519":"r","520":"o","521":"n","522":"t","523":"e","524":"n","525":"d","526":"/","527":"s","528":"r","529":"c","530":"/","531":"a","532":"s","533":"s","534":"e","535":"t","536":"s","537":"/","538":"C","539":"l","540":"o","541":"v","542":"e","543":"r","544":"T","545":"i","546":"l","547":"e","548":".","549":"v","550":"u","551":"e","552":"\"","553":",","554":"\"","555":"s","556":"o","557":"u","558":"r","559":"c","560":"e","561":"s","562":"C","563":"o","564":"n","565":"t","566":"e","567":"n","568":"t","569":"\"","570":":","571":"[","572":"\"","573":"<","574":"t","575":"e","576":"m","577":"p","578":"l","579":"a","580":"t","581":"e","582":">","583":"\\","584":"r","585":"\\","586":"n","587":" ","588":" ","589":" ","590":" ","591":"<","592":"!","593":"-","594":"-","595":" ","596":"C","597":"r","598":"e","599":"a","600":"t","601":"e","602":"d","603":" ","604":"w","605":"i","606":"t","607":"h","608":" ","609":"I","610":"n","611":"k","612":"s","613":"c","614":"a","615":"p","616":"e","617":" ","618":"(","619":"h","620":"t","621":"t","622":"p","623":":","624":"/","625":"/","626":"w","627":"w","628":"w","629":".","630":"i","631":"n","632":"k","633":"s","634":"c","635":"a","636":"p","637":"e","638":".","639":"o","640":"r","641":"g","642":"/","643":")","644":" ","645":"-","646":"-","647":">","648":"\\","649":"r","650":"\\","651":"n","652":" ","653":" ","654":" ","655":" ","656":"<","657":"s","658":"v","659":"g","660":" ","661":":","662":"w","663":"i","664":"d","665":"t","666":"h","667":"=","668":"\\","669":"\"","670":"t","671":"h","672":"i","673":"s","674":".","675":"w","676":"i","677":"d","678":"t","679":"h","680":"\\","681":"\"","682":" ","683":":","684":"h","685":"e","686":"i","687":"g","688":"h","689":"t","690":"=","691":"\\","692":"\"","693":"t","694":"h","695":"i","696":"s","697":".","698":"h","699":"e","700":"i","701":"g","702":"h","703":"t","704":"\\","705":"\"","706":" ","707":"v","708":"e","709":"r","710":"s","711":"i","712":"o","713":"n","714":"=","715":"\\","716":"\"","717":"1","718":".","719":"1","720":"\\","721":"\"","722":" ","723":"v","724":"i","725":"e","726":"w","727":"B","728":"o","729":"x","730":"=","731":"\\","732":"\"","733":"0","734":" ","735":"0","736":" ","737":"2","738":"0","739":"0","740":" ","741":"2","742":"0","743":"0","744":"\\","745":"\"","746":" ","747":"x","748":"m","749":"l","750":"n","751":"s","752":"=","753":"\\","754":"\"","755":"h","756":"t","757":"t","758":"p","759":":","760":"/","761":"/","762":"w","763":"w","764":"w","765":".","766":"w","767":"3","768":".","769":"o","770":"r","771":"g","772":"/","773":"2","774":"0","775":"0","776":"0","777":"/","778":"s","779":"v","780":"g","781":"\\","782":"\"","783":" ","784":"x","785":"m","786":"l","787":"n","788":"s","789":":","790":"c","791":"c","792":"=","793":"\\","794":"\"","795":"h","796":"t","797":"t","798":"p","799":":","800":"/","801":"/","802":"c","803":"r","804":"e","805":"a","806":"t","807":"i","808":"v","809":"e","810":"c","811":"o","812":"m","813":"m","814":"o","815":"n","816":"s","817":".","818":"o","819":"r","820":"g","821":"/","822":"n","823":"s","824":"#","825":"\\","826":"\"","827":" ","828":"x","829":"m","830":"l","831":"n","832":"s","833":":","834":"d","835":"c","836":"=","837":"\\","838":"\"","839":"h","840":"t","841":"t","842":"p","843":":","844":"/","845":"/","846":"p","847":"u","848":"r","849":"l","850":".","851":"o","852":"r","853":"g","854":"/","855":"d","856":"c","857":"/","858":"e","859":"l","860":"e","861":"m","862":"e","863":"n","864":"t","865":"s","866":"/","867":"1","868":".","869":"1","870":"/","871":"\\","872":"\"","873":" ","874":"x","875":"m","876":"l","877":"n","878":"s","879":":","880":"r","881":"d","882":"f","883":"=","884":"\\","885":"\"","886":"h","887":"t","888":"t","889":"p","890":":","891":"/","892":"/","893":"w","894":"w","895":"w","896":".","897":"w","898":"3","899":".","900":"o","901":"r","902":"g","903":"/","904":"1","905":"9","906":"9","907":"9","908":"/","909":"0","910":"2","911":"/","912":"2","913":"2","914":"-","915":"r","916":"d","917":"f","918":"-","919":"s","920":"y","921":"n","922":"t","923":"a","924":"x","925":"-","926":"n","927":"s","928":"#","929":"\\","930":"\"","931":">","932":"\\","933":"r","934":"\\","935":"n","936":" ","937":" ","938":" ","939":" ","940":"<","941":"m","942":"e","943":"t","944":"a","945":"d","946":"a","947":"t","948":"a","949":">","950":"\\","951":"r","952":"\\","953":"n","954":" ","955":" ","956":" ","957":" ","958":"<","959":"r","960":"d","961":"f","962":":","963":"R","964":"D","965":"F","966":">","967":"\\","968":"r","969":"\\","970":"n","971":" ","972":" ","973":" ","974":" ","975":"<","976":"c","977":"c","978":":","979":"W","980":"o","981":"r","982":"k","983":" ","984":"r","985":"d","986":"f","987":":","988":"a","989":"b","990":"o","991":"u","992":"t","993":"=","994":"\\","995":"\"","996":"\\","997":"\"","998":">","999":"\\","1000":"r","1001":"\\","1002":"n","1003":" ","1004":" ","1005":" ","1006":" ","1007":" ","1008":" ","1009":" ","1010":" ","1011":"<","1012":"d","1013":"c","1014":":","1015":"f","1016":"o","1017":"r","1018":"m","1019":"a","1020":"t","1021":">","1022":"i","1023":"m","1024":"a","1025":"g","1026":"e","1027":"/","1028":"s","1029":"v","1030":"g","1031":"+","1032":"x","1033":"m","1034":"l","1035":"<","1036":"/","1037":"d","1038":"c","1039":":","1040":"f","1041":"o","1042":"r","1043":"m","1044":"a","1045":"t","1046":">","1047":"\\","1048":"r","1049":"\\","1050":"n","1051":" ","1052":" ","1053":" ","1054":" ","1055":" ","1056":" ","1057":" ","1058":" ","1059":"<","1060":"d","1061":"c","1062":":","1063":"t","1064":"y","1065":"p","1066":"e","1067":" ","1068":"r","1069":"d","1070":"f","1071":":","1072":"r","1073":"e","1074":"s","1075":"o","1076":"u","1077":"r","1078":"c","1079":"e","1080":"=","1081":"\\","1082":"\"","1083":"h","1084":"t","1085":"t","1086":"p","1087":":","1088":"/","1089":"/","1090":"p","1091":"u","1092":"r","1093":"l","1094":".","1095":"o","1096":"r","1097":"g","1098":"/","1099":"d","1100":"c","1101":"/","1102":"d","1103":"c","1104":"m","1105":"i","1106":"t","1107":"y","1108":"p","1109":"e","1110":"/","1111":"S","1112":"t","1113":"i","1114":"l","1115":"l","1116":"I","1117":"m","1118":"a","1119":"g","1120":"e","1121":"\\","1122":"\"","1123":"/","1124":">","1125":"\\","1126":"r","1127":"\\","1128":"n","1129":" ","1130":" ","1131":" ","1132":" ","1133":" ","1134":" ","1135":" ","1136":" ","1137":"<","1138":"d","1139":"c","1140":":","1141":"t","1142":"i","1143":"t","1144":"l","1145":"e","1146":"/","1147":">","1148":"\\","1149":"r","1150":"\\","1151":"n","1152":" ","1153":" ","1154":" ","1155":" ","1156":"<","1157":"/","1158":"c","1159":"c","1160":":","1161":"W","1162":"o","1163":"r","1164":"k","1165":">","1166":"\\","1167":"r","1168":"\\","1169":"n","1170":" ","1171":" ","1172":" ","1173":" ","1174":"<","1175":"/","1176":"r","1177":"d","1178":"f","1179":":","1180":"R","1181":"D","1182":"F","1183":">","1184":"\\","1185":"r","1186":"\\","1187":"n","1188":" ","1189":" ","1190":" ","1191":" ","1192":"<","1193":"/","1194":"m","1195":"e","1196":"t","1197":"a","1198":"d","1199":"a","1200":"t","1201":"a","1202":">","1203":"\\","1204":"r","1205":"\\","1206":"n","1207":" ","1208":" ","1209":" ","1210":" ","1211":"<","1212":"g","1213":" ","1214":"t","1215":"r","1216":"a","1217":"n","1218":"s","1219":"f","1220":"o","1221":"r","1222":"m","1223":"=","1224":"\\","1225":"\"","1226":"t","1227":"r","1228":"a","1229":"n","1230":"s","1231":"l","1232":"a","1233":"t","1234":"e","1235":"(","1236":"0","1237":" ","1238":"-","1239":"9","1240":"2","1241":"2","1242":".","1243":"5","1244":"2","1245":")","1246":"\\","1247":"\"","1248":">","1249":"\\","1250":"r","1251":"\\","1252":"n","1253":" ","1254":" ","1255":" ","1256":" ","1257":"<","1258":"r","1259":"e","1260":"c","1261":"t","1262":" ","1263":"y","1264":"=","1265":"\\","1266":"\"","1267":"9","1268":"2","1269":"2","1270":".","1271":"5","1272":"2","1273":"\\","1274":"\"","1275":" ","1276":"w","1277":"i","1278":"d","1279":"t","1280":"h","1281":"=","1282":"\\","1283":"\"","1284":"2","1285":"0","1286":"0","1287":"\\","1288":"\"","1289":" ","1290":"h","1291":"e","1292":"i","1293":"g","1294":"h","1295":"t","1296":"=","1297":"\\","1298":"\"","1299":"2","1300":"0","1301":"0","1302":"\\","1303":"\"","1304":" ","1305":"r","1306":"x","1307":"=","1308":"\\","1309":"\"","1310":"1","1311":"0","1312":"\\","1313":"\"","1314":" ","1315":"r","1316":"y","1317":"=","1318":"\\","1319":"\"","1320":"1","1321":"0","1322":"\\","1323":"\"","1324":"/","1325":">","1326":"\\","1327":"r","1328":"\\","1329":"n","1330":" ","1331":" ","1332":" ","1333":" ","1334":"<","1335":"r","1336":"e","1337":"c","1338":"t","1339":" ","1340":"t","1341":"r","1342":"a","1343":"n","1344":"s","1345":"f","1346":"o","1347":"r","1348":"m","1349":"=","1350":"\\","1351":"\"","1352":"r","1353":"o","1354":"t","1355":"a","1356":"t","1357":"e","1358":"(","1359":"-","1360":"4","1361":"5","1362":")","1363":"\\","1364":"\"","1365":" ","1366":"x","1367":"=","1368":"\\","1369":"\"","1370":"-","1371":"7","1372":"0","1373":"8","1374":".","1375":"8","1376":"9","1377":"\\","1378":"\"","1379":" ","1380":"y","1381":"=","1382":"\\","1383":"\"","1384":"7","1385":"3","1386":"7","1387":".","1388":"1","1389":"7","1390":"\\","1391":"\"","1392":" ","1393":"w","1394":"i","1395":"d","1396":"t","1397":"h","1398":"=","1399":"\\","1400":"\"","1401":"1","1402":"1","1403":"3","1404":".","1405":"1","1406":"4","1407":"\\","1408":"\"","1409":" ","1410":"h","1411":"e","1412":"i","1413":"g","1414":"h","1415":"t","1416":"=","1417":"\\","1418":"\"","1419":"1","1420":"1","1421":"3","1422":".","1423":"1","1424":"4","1425":"\\","1426":"\"","1427":" ","1428":"f","1429":"i","1430":"l","1431":"l","1432":"-","1433":"o","1434":"p","1435":"a","1436":"c","1437":"i","1438":"t","1439":"y","1440":"=","1441":"\\","1442":"\"","1443":"0","1444":"\\","1445":"\"","1446":"/","1447":">","1448":"\\","1449":"r","1450":"\\","1451":"n","1452":" ","1453":" ","1454":" ","1455":" ","1456":"<","1457":"r","1458":"e","1459":"c","1460":"t","1461":" ","1462":"x","1463":"=","1464":"\\","1465":"\"","1466":"2","1467":"0","1468":"\\","1469":"\"","1470":" ","1471":"y","1472":"=","1473":"\\","1474":"\"","1475":"9","1476":"4","1477":"2","1478":".","1479":"5","1480":"2","1481":"\\","1482":"\"","1483":" ","1484":"w","1485":"i","1486":"d","1487":"t","1488":"h","1489":"=","1490":"\\","1491":"\"","1492":"1","1493":"6","1494":"0","1495":"\\","1496":"\"","1497":" ","1498":"h","1499":"e","1500":"i","1501":"g","1502":"h","1503":"t","1504":"=","1505":"\\","1506":"\"","1507":"1","1508":"6","1509":"0","1510":"\\","1511":"\"","1512":" ","1513":"f","1514":"i","1515":"l","1516":"l","1517":"-","1518":"o","1519":"p","1520":"a","1521":"c","1522":"i","1523":"t","1524":"y","1525":"=","1526":"\\","1527":"\"","1528":"0","1529":"\\","1530":"\"","1531":"/","1532":">","1533":"\\","1534":"r","1535":"\\","1536":"n","1537":" ","1538":" ","1539":" ","1540":" ","1541":"<","1542":"p","1543":"a","1544":"t","1545":"h","1546":" ","1547":"d","1548":"=","1549":"\\","1550":"\"","1551":"m","1552":"1","1553":"0","1554":"0","1555":" ","1556":"9","1557":"4","1558":"2","1559":".","1560":"5","1561":"2","1562":"a","1563":"3","1564":"3","1565":".","1566":"1","1567":"3","1568":"7","1569":" ","1570":"3","1571":"3","1572":".","1573":"1","1574":"3","1575":"7","1576":" ","1577":"0","1578":" ","1579":"0","1580":" ","1581":"0","1582":"-","1583":"3","1584":"3","1585":".","1586":"1","1587":"3","1588":"7","1589":" ","1590":"3","1591":"3","1592":".","1593":"1","1594":"3","1595":"7","1596":" ","1597":"3","1598":"3","1599":".","1600":"1","1601":"3","1602":"7","1603":" ","1604":"3","1605":"3","1606":".","1607":"1","1608":"3","1609":"7","1610":" ","1611":"0","1612":" ","1613":"0","1614":" ","1615":"0","1616":" ","1617":"9","1618":".","1619":"7","1620":"3","1621":"4","1622":"4","1623":" ","1624":"2","1625":"3","1626":".","1627":"4","1628":"3","1629":"4","1630":" ","1631":"3","1632":"3","1633":".","1634":"1","1635":"3","1636":"7","1637":" ","1638":"3","1639":"3","1640":".","1641":"1","1642":"3","1643":"7","1644":" ","1645":"0","1646":" ","1647":"0","1648":" ","1649":"0","1650":"-","1651":"0","1652":".","1653":"0","1654":"2","1655":"7","1656":"3","1657":" ","1658":"0","1659":".","1660":"0","1661":"2","1662":"9","1663":"3","1664":" ","1665":"3","1666":"3","1667":".","1668":"1","1669":"3","1670":"7","1671":" ","1672":"3","1673":"3","1674":".","1675":"1","1676":"3","1677":"7","1678":" ","1679":"0","1680":" ","1681":"0","1682":" ","1683":"0","1684":"-","1685":"2","1686":"3","1687":".","1688":"4","1689":"3","1690":"4","1691":"-","1692":"9","1693":".","1694":"7","1695":"3","1696":"6","1697":"3","1698":" ","1699":"3","1700":"3","1701":".","1702":"1","1703":"3","1704":"7","1705":" ","1706":"3","1707":"3","1708":".","1709":"1","1710":"3","1711":"7","1712":" ","1713":"0","1714":" ","1715":"0","1716":" ","1717":"0","1718":"-","1719":"3","1720":"3","1721":".","1722":"1","1723":"3","1724":"7","1725":" ","1726":"3","1727":"3","1728":".","1729":"1","1730":"3","1731":"7","1732":" ","1733":"3","1734":"3","1735":".","1736":"1","1737":"3","1738":"7","1739":" ","1740":"3","1741":"3","1742":".","1743":"1","1744":"3","1745":"7","1746":" ","1747":"0","1748":" ","1749":"0","1750":" ","1751":"0","1752":" ","1753":"3","1754":"3","1755":".","1756":"1","1757":"3","1758":"7","1759":" ","1760":"3","1761":"3","1762":".","1763":"1","1764":"3","1765":"7","1766":" ","1767":"3","1768":"3","1769":".","1770":"1","1771":"3","1772":"7","1773":" ","1774":"3","1775":"3","1776":".","1777":"1","1778":"3","1779":"7","1780":" ","1781":"0","1782":" ","1783":"0","1784":" ","1785":"0","1786":" ","1787":"2","1788":"3","1789":".","1790":"4","1791":"3","1792":"4","1793":"-","1794":"9","1795":".","1796":"7","1797":"3","1798":"4","1799":"4","1800":" ","1801":"3","1802":"3","1803":".","1804":"1","1805":"3","1806":"7","1807":" ","1808":"3","1809":"3","1810":".","1811":"1","1812":"3","1813":"7","1814":" ","1815":"0","1816":" ","1817":"0","1818":" ","1819":"0","1820":" ","1821":"0","1822":".","1823":"0","1824":"2","1825":"9","1826":"3","1827":" ","1828":"0","1829":".","1830":"0","1831":"2","1832":"7","1833":" ","1834":"3","1835":"3","1836":".","1837":"1","1838":"3","1839":"7","1840":" ","1841":"3","1842":"3","1843":".","1844":"1","1845":"3","1846":"7","1847":" ","1848":"0","1849":" ","1850":"0","1851":" ","1852":"0","1853":"-","1854":"9","1855":".","1856":"7","1857":"3","1858":"6","1859":"3","1860":" ","1861":"2","1862":"3","1863":".","1864":"4","1865":"3","1866":"4","1867":" ","1868":"3","1869":"3","1870":".","1871":"1","1872":"3","1873":"7","1874":" ","1875":"3","1876":"3","1877":".","1878":"1","1879":"3","1880":"7","1881":" ","1882":"0","1883":" ","1884":"0","1885":" ","1886":"0","1887":" ","1888":"3","1889":"3","1890":".","1891":"1","1892":"3","1893":"7","1894":" ","1895":"3","1896":"3","1897":".","1898":"1","1899":"3","1900":"7","1901":" ","1902":"3","1903":"3","1904":".","1905":"1","1906":"3","1907":"7","1908":" ","1909":"3","1910":"3","1911":".","1912":"1","1913":"3","1914":"7","1915":" ","1916":"0","1917":" ","1918":"0","1919":" ","1920":"0","1921":" ","1922":"3","1923":"3","1924":".","1925":"1","1926":"3","1927":"7","1928":"-","1929":"3","1930":"3","1931":".","1932":"1","1933":"3","1934":"7","1935":" ","1936":"3","1937":"3","1938":".","1939":"1","1940":"3","1941":"7","1942":" ","1943":"3","1944":"3","1945":".","1946":"1","1947":"3","1948":"7","1949":" ","1950":"0","1951":" ","1952":"0","1953":" ","1954":"0","1955":"-","1956":"9","1957":".","1958":"7","1959":"3","1960":"6","1961":"3","1962":"-","1963":"2","1964":"3","1965":".","1966":"4","1967":"3","1968":"4","1969":" ","1970":"3","1971":"3","1972":".","1973":"1","1974":"3","1975":"7","1976":" ","1977":"3","1978":"3","1979":".","1980":"1","1981":"3","1982":"7","1983":" ","1984":"0","1985":" ","1986":"0","1987":" ","1988":"0","1989":" ","1990":"0","1991":".","1992":"0","1993":"2","1994":"9","1995":"3","1996":"-","1997":"0","1998":".","1999":"0","2000":"2","2001":"7","2002":" ","2003":"3","2004":"3","2005":".","2006":"1","2007":"3","2008":"7","2009":" ","2010":"3","2011":"3","2012":".","2013":"1","2014":"3","2015":"7","2016":" ","2017":"0","2018":" ","2019":"0","2020":" ","2021":"0","2022":" ","2023":"2","2024":"3","2025":".","2026":"4","2027":"3","2028":"4","2029":" ","2030":"9","2031":".","2032":"7","2033":"3","2034":"4","2035":"4","2036":" ","2037":"3","2038":"3","2039":".","2040":"1","2041":"3","2042":"7","2043":" ","2044":"3","2045":"3","2046":".","2047":"1","2048":"3","2049":"7","2050":" ","2051":"0","2052":" ","2053":"0","2054":" ","2055":"0","2056":" ","2057":"3","2058":"3","2059":".","2060":"1","2061":"3","2062":"7","2063":"-","2064":"3","2065":"3","2066":".","2067":"1","2068":"3","2069":"7","2070":" ","2071":"3","2072":"3","2073":".","2074":"1","2075":"3","2076":"7","2077":" ","2078":"3","2079":"3","2080":".","2081":"1","2082":"3","2083":"7","2084":" ","2085":"0","2086":" ","2087":"0","2088":" ","2089":"0","2090":"-","2091":"3","2092":"3","2093":".","2094":"1","2095":"3","2096":"7","2097":"-","2098":"3","2099":"3","2100":".","2101":"1","2102":"3","2103":"7","2104":" ","2105":"3","2106":"3","2107":".","2108":"1","2109":"3","2110":"7","2111":" ","2112":"3","2113":"3","2114":".","2115":"1","2116":"3","2117":"7","2118":" ","2119":"0","2120":" ","2121":"0","2122":" ","2123":"0","2124":"-","2125":"2","2126":"3","2127":".","2128":"4","2129":"3","2130":"2","2131":" ","2132":"9","2133":".","2134":"7","2135":"3","2136":"4","2137":"4","2138":" ","2139":"3","2140":"3","2141":".","2142":"1","2143":"3","2144":"7","2145":" ","2146":"3","2147":"3","2148":".","2149":"1","2150":"3","2151":"7","2152":" ","2153":"0","2154":" ","2155":"0","2156":" ","2157":"0","2158":"-","2159":"0","2160":".","2161":"0","2162":"3","2163":"1","2164":"2","2165":"-","2166":"0","2167":".","2168":"0","2169":"2","2170":"7","2171":"4","2172":" ","2173":"3","2174":"3","2175":".","2176":"1","2177":"3","2178":"7","2179":" ","2180":"3","2181":"3","2182":".","2183":"1","2184":"3","2185":"7","2186":" ","2187":"0","2188":" ","2189":"0","2190":" ","2191":"0","2192":" ","2193":"9","2194":".","2195":"7","2196":"3","2197":"6","2198":"3","2199":"-","2200":"2","2201":"3","2202":".","2203":"4","2204":"3","2205":"4","2206":" ","2207":"3","2208":"3","2209":".","2210":"1","2211":"3","2212":"7","2213":" ","2214":"3","2215":"3","2216":".","2217":"1","2218":"3","2219":"7","2220":" ","2221":"0","2222":" ","2223":"0","2224":" ","2225":"0","2226":"-","2227":"3","2228":"3","2229":".","2230":"1","2231":"3","2232":"7","2233":"-","2234":"3","2235":"3","2236":".","2237":"1","2238":"3","2239":"7","2240":"z","2241":"\\","2242":"\"","2243":" ","2244":":","2245":"f","2246":"i","2247":"l","2248":"l","2249":"=","2250":"\\","2251":"\"","2252":"t","2253":"h","2254":"i","2255":"s","2256":".","2257":"f","2258":"i","2259":"l","2260":"l","2261":"C","2262":"o","2263":"l","2264":"o","2265":"r","2266":"\\","2267":"\"","2268":"/","2269":">","2270":"\\","2271":"r","2272":"\\","2273":"n","2274":" ","2275":" ","2276":" ","2277":" ","2278":"<","2279":"/","2280":"g","2281":">","2282":"\\","2283":"r","2284":"\\","2285":"n","2286":" ","2287":" ","2288":" ","2289":" ","2290":"<","2291":"/","2292":"s","2293":"v","2294":"g","2295":">","2296":"\\","2297":"r","2298":"\\","2299":"n","2300":"<","2301":"/","2302":"t","2303":"e","2304":"m","2305":"p","2306":"l","2307":"a","2308":"t","2309":"e","2310":">","2311":"\\","2312":"r","2313":"\\","2314":"n","2315":"\\","2316":"r","2317":"\\","2318":"n","2319":"<","2320":"s","2321":"c","2322":"r","2323":"i","2324":"p","2325":"t","2326":">","2327":"\\","2328":"r","2329":"\\","2330":"n","2331":"e","2332":"x","2333":"p","2334":"o","2335":"r","2336":"t","2337":" ","2338":"d","2339":"e","2340":"f","2341":"a","2342":"u","2343":"l","2344":"t","2345":" ","2346":"{","2347":"\\","2348":"r","2349":"\\","2350":"n","2351":" ","2352":" ","2353":" ","2354":" ","2355":"n","2356":"a","2357":"m","2358":"e","2359":":","2360":" ","2361":"\\","2362":"\"","2363":"C","2364":"l","2365":"o","2366":"v","2367":"e","2368":"r","2369":"T","2370":"i","2371":"l","2372":"e","2373":"\\","2374":"\"","2375":",","2376":"\\","2377":"r","2378":"\\","2379":"n","2380":" ","2381":" ","2382":" ","2383":" ","2384":"p","2385":"r","2386":"o","2387":"p","2388":"s","2389":":","2390":" ","2391":"{","2392":"\\","2393":"r","2394":"\\","2395":"n","2396":" ","2397":" ","2398":" ","2399":" ","2400":" ","2401":" ","2402":" ","2403":" ","2404":"f","2405":"i","2406":"l","2407":"l","2408":"C","2409":"o","2410":"l","2411":"o","2412":"r","2413":":","2414":" ","2415":"{","2416":"\\","2417":"r","2418":"\\","2419":"n","2420":" ","2421":" ","2422":" ","2423":" ","2424":" ","2425":" ","2426":" ","2427":" ","2428":" ","2429":" ","2430":" ","2431":" ","2432":"t","2433":"y","2434":"p","2435":"e","2436":":","2437":" ","2438":"S","2439":"t","2440":"r","2441":"i","2442":"n","2443":"g","2444":",","2445":"\\","2446":"r","2447":"\\","2448":"n","2449":" ","2450":" ","2451":" ","2452":" ","2453":" ","2454":" ","2455":" ","2456":" ","2457":" ","2458":" ","2459":" ","2460":" ","2461":"d","2462":"e","2463":"f","2464":"a","2465":"u","2466":"l","2467":"t","2468":":","2469":" ","2470":"\\","2471":"\"","2472":"#","2473":"f","2474":"f","2475":"f","2476":"\\","2477":"\"","2478":"\\","2479":"r","2480":"\\","2481":"n","2482":" ","2483":" ","2484":" ","2485":" ","2486":" ","2487":" ","2488":" ","2489":" ","2490":"}","2491":",","2492":"\\","2493":"r","2494":"\\","2495":"n","2496":" ","2497":" ","2498":" ","2499":" ","2500":" ","2501":" ","2502":" ","2503":" ","2504":"h","2505":"e","2506":"i","2507":"g","2508":"h","2509":"t","2510":":","2511":" ","2512":"{","2513":"\\","2514":"r","2515":"\\","2516":"n","2517":" ","2518":" ","2519":" ","2520":" ","2521":" ","2522":" ","2523":" ","2524":" ","2525":" ","2526":" ","2527":" ","2528":" ","2529":"t","2530":"y","2531":"p","2532":"e","2533":":","2534":" ","2535":"N","2536":"u","2537":"m","2538":"b","2539":"e","2540":"r","2541":",","2542":"\\","2543":"r","2544":"\\","2545":"n","2546":" ","2547":" ","2548":" ","2549":" ","2550":" ","2551":" ","2552":" ","2553":" ","2554":" ","2555":" ","2556":" ","2557":" ","2558":"d","2559":"e","2560":"f","2561":"a","2562":"u","2563":"l","2564":"t","2565":":","2566":" ","2567":"2","2568":"0","2569":"0","2570":"\\","2571":"r","2572":"\\","2573":"n","2574":" ","2575":" ","2576":" ","2577":" ","2578":" ","2579":" ","2580":" ","2581":" ","2582":"}","2583":",","2584":"\\","2585":"r","2586":"\\","2587":"n","2588":" ","2589":" ","2590":" ","2591":" ","2592":" ","2593":" ","2594":" ","2595":" ","2596":"w","2597":"i","2598":"d","2599":"t","2600":"h","2601":":","2602":" ","2603":"{","2604":"\\","2605":"r","2606":"\\","2607":"n","2608":" ","2609":" ","2610":" ","2611":" ","2612":" ","2613":" ","2614":" ","2615":" ","2616":" ","2617":" ","2618":" ","2619":" ","2620":"t","2621":"y","2622":"p","2623":"e","2624":":","2625":" ","2626":"N","2627":"u","2628":"m","2629":"b","2630":"e","2631":"r","2632":",","2633":"\\","2634":"r","2635":"\\","2636":"n","2637":" ","2638":" ","2639":" ","2640":" ","2641":" ","2642":" ","2643":" ","2644":" ","2645":" ","2646":" ","2647":" ","2648":" ","2649":"d","2650":"e","2651":"f","2652":"a","2653":"u","2654":"l","2655":"t","2656":":","2657":" ","2658":"2","2659":"0","2660":"0","2661":"\\","2662":"r","2663":"\\","2664":"n","2665":" ","2666":" ","2667":" ","2668":" ","2669":" ","2670":" ","2671":" ","2672":" ","2673":"}","2674":"\\","2675":"r","2676":"\\","2677":"n","2678":" ","2679":" ","2680":" ","2681":" ","2682":"}","2683":"\\","2684":"r","2685":"\\","2686":"n","2687":"}","2688":"\\","2689":"r","2690":"\\","2691":"n","2692":"<","2693":"/","2694":"s","2695":"c","2696":"r","2697":"i","2698":"p","2699":"t","2700":">","2701":"\\","2702":"r","2703":"\\","2704":"n","2705":"\"","2706":"]","2707":"}"},"_coverageSchema":"1a1c01bbd47fc00a2c39e90264f33305004495a9","hash":"64518c0ec5f9fe111be9ce105a31ac110069acfb"}
,"/Users/ryanflatley/Documents/GitHub/lab-02-rflatley441/homework2-problemset-rflatley441/SE4/frontend/src/assets/DiamondTile.vue": {"path":"/Users/ryanflatley/Documents/GitHub/lab-02-rflatley441/homework2-problemset-rflatley441/SE4/frontend/src/assets/DiamondTile.vue","statementMap":{"0":{"start":{"line":4,"column":0},"end":{"line":6,"column":3}},"1":{"start":{"line":7,"column":0},"end":{"line":7,"column":25}},"2":{"start":{"line":8,"column":15},"end":{"line":24,"column":1}},"3":{"start":{"line":25,"column":0},"end":{"line":25,"column":13}},"4":{"start":{"line":27,"column":0},"end":{"line":29,"column":3}},"5":{"start":{"line":30,"column":0},"end":{"line":30,"column":24}},"6":{"start":{"line":31,"column":11},"end":{"line":31,"column":25}},"7":{"start":{"line":32,"column":19},"end":{"line":32,"column":38}},"8":{"start":{"line":33,"column":19},"end":{"line":35,"column":1}},"9":{"start":{"line":36,"column":32},"end":{"line":42,"column":26}},"10":{"start":{"line":43,"column":19},"end":{"line":43,"column":27}},"11":{"start":{"line":45,"column":32},"end":{"line":45,"column":71}},"12":{"start":{"line":46,"column":30},"end":{"line":46,"column":67}},"13":{"start":{"line":47,"column":31},"end":{"line":47,"column":69}},"14":{"start":{"line":48,"column":30},"end":{"line":48,"column":67}},"15":{"start":{"line":49,"column":30},"end":{"line":49,"column":67}},"16":{"start":{"line":50,"column":2},"end":{"line":79,"column":119}},"17":{"start":{"line":60,"column":37},"end":{"line":70,"column":7}},"18":{"start":{"line":63,"column":39},"end":{"line":68,"column":54}},"19":{"start":{"line":64,"column":41},"end":{"line":64,"column":85}},"20":{"start":{"line":80,"column":2},"end":{"line":80,"column":49}}},"fnMap":{"0":{"name":"render","decl":{"start":{"line":44,"column":9},"end":{"line":44,"column":15}},"loc":{"start":{"line":44,"column":30},"end":{"line":80,"column":1}},"line":44},"1":{"name":"(anonymous_1)","decl":{"start":{"line":60,"column":31},"end":{"line":60,"column":32}},"loc":{"start":{"line":60,"column":37},"end":{"line":70,"column":7}},"line":60},"2":{"name":"(anonymous_2)","decl":{"start":{"line":63,"column":33},"end":{"line":63,"column":34}},"loc":{"start":{"line":63,"column":39},"end":{"line":68,"column":54}},"line":63},"3":{"name":"(anonymous_3)","decl":{"start":{"line":64,"column":35},"end":{"line":64,"column":36}},"loc":{"start":{"line":64,"column":41},"end":{"line":64,"column":85}},"line":64}},"branchMap":{},"s":{"0":1,"1":1,"2":1,"3":1,"4":1,"5":1,"6":1,"7":1,"8":1,"9":1,"10":1,"11":0,"12":0,"13":0,"14":0,"15":0,"16":0,"17":0,"18":0,"19":0,"20":1},"f":{"0":0,"1":0,"2":0,"3":0},"b":{},"inputSourceMap":{"0":"{","1":"\"","2":"v","3":"e","4":"r","5":"s","6":"i","7":"o","8":"n","9":"\"","10":":","11":"3","12":",","13":"\"","14":"s","15":"o","16":"u","17":"r","18":"c","19":"e","20":"s","21":"\"","22":":","23":"[","24":"\"","25":"/","26":"U","27":"s","28":"e","29":"r","30":"s","31":"/","32":"r","33":"y","34":"a","35":"n","36":"f","37":"l","38":"a","39":"t","40":"l","41":"e","42":"y","43":"/","44":"D","45":"o","46":"c","47":"u","48":"m","49":"e","50":"n","51":"t","52":"s","53":"/","54":"G","55":"i","56":"t","57":"H","58":"u","59":"b","60":"/","61":"l","62":"a","63":"b","64":"-","65":"0","66":"2","67":"-","68":"r","69":"f","70":"l","71":"a","72":"t","73":"l","74":"e","75":"y","76":"4","77":"4","78":"1","79":"/","80":"h","81":"o","82":"m","83":"e","84":"w","85":"o","86":"r","87":"k","88":"2","89":"-","90":"p","91":"r","92":"o","93":"b","94":"l","95":"e","96":"m","97":"s","98":"e","99":"t","100":"-","101":"r","102":"f","103":"l","104":"a","105":"t","106":"l","107":"e","108":"y","109":"4","110":"4","111":"1","112":"/","113":"S","114":"E","115":"4","116":"/","117":"f","118":"r","119":"o","120":"n","121":"t","122":"e","123":"n","124":"d","125":"/","126":"s","127":"r","128":"c","129":"/","130":"a","131":"s","132":"s","133":"e","134":"t","135":"s","136":"/","137":"D","138":"i","139":"a","140":"m","141":"o","142":"n","143":"d","144":"T","145":"i","146":"l","147":"e","148":".","149":"v","150":"u","151":"e","152":"\"","153":"]","154":",","155":"\"","156":"n","157":"a","158":"m","159":"e","160":"s","161":"\"","162":":","163":"[","164":"]","165":",","166":"\"","167":"m","168":"a","169":"p","170":"p","171":"i","172":"n","173":"g","174":"s","175":"\"","176":":","177":"\"","178":";","179":";","180":";","181":";","182":";","183":";","184":";","185":"i","186":"C","187":"A","188":"o","189":"B","190":"e","191":";","192":"E","193":"A","194":"C","195":"X","196":",","197":"I","198":"A","199":"A","200":"I","201":",","202":"E","203":"A","204":"A","205":"E","206":",","207":"a","208":"A","209":"A","210":"a","211":";","212":"E","213":"A","214":"C","215":"n","216":"B","217":",","218":"K","219":"A","220":"A","221":"K","222":",","223":"E","224":"A","225":"A","226":"E","227":";","228":"I","229":"A","230":"C","231":"H","232":",","233":"S","234":"A","235":"A","236":"S","237":",","238":"E","239":"A","240":"A","241":"E","242":";","243":"M","244":"A","245":"C","246":"P","247":",","248":"I","249":"A","250":"A","251":"I","252":",","253":"E","254":"A","255":"A","256":"E","257":",","258":"M","259":"A","260":"A","261":"M","262":";","263":"M","264":"A","265":"C","266":"Z","267":",","268":"O","269":"A","270":"A","271":"O","272":",","273":"E","274":"A","275":"A","276":"E","277":";","278":"I","279":"A","280":"C","281":"b","282":",","283":"C","284":"A","285":"A","286":"C","287":";","288":"I","289":"A","290":"C","291":"D","292":",","293":"M","294":"A","295":"A","296":"M","297":",","298":"E","299":"A","300":"A","301":"E","302":";","303":"M","304":"A","305":"C","306":"J","307":",","308":"I","309":"A","310":"A","311":"I","312":",","313":"E","314":"A","315":"A","316":"E","317":",","318":"M","319":"A","320":"A","321":"M","322":";","323":"M","324":"A","325":"C","326":"Z","327":",","328":"O","329":"A","330":"A","331":"O","332":",","333":"E","334":"A","335":"A","336":"E","337":";","338":"I","339":"A","340":"C","341":"b","342":",","343":"C","344":"A","345":"A","346":"C","347":";","348":"I","349":"A","350":"C","351":"D","352":",","353":"K","354":"A","355":"A","356":"K","357":",","358":"E","359":"A","360":"A","361":"E","362":";","363":"M","364":"A","365":"C","366":"H","367":",","368":"I","369":"A","370":"A","371":"I","372":",","373":"E","374":"A","375":"A","376":"E","377":",","378":"M","379":"A","380":"A","381":"M","382":";","383":"M","384":"A","385":"C","386":"Z","387":",","388":"O","389":"A","390":"A","391":"O","392":",","393":"E","394":"A","395":"A","396":"E","397":";","398":"I","399":"A","400":"C","401":"b","402":";","403":"E","404":"A","405":"C","406":"J","407":";","408":"A","409":"A","410":"C","411":"J","412":",","413":"C","414":"A","415":"A","416":"C","417":"\"","418":",","419":"\"","420":"f","421":"i","422":"l","423":"e","424":"\"","425":":","426":"\"","427":"/","428":"U","429":"s","430":"e","431":"r","432":"s","433":"/","434":"r","435":"y","436":"a","437":"n","438":"f","439":"l","440":"a","441":"t","442":"l","443":"e","444":"y","445":"/","446":"D","447":"o","448":"c","449":"u","450":"m","451":"e","452":"n","453":"t","454":"s","455":"/","456":"G","457":"i","458":"t","459":"H","460":"u","461":"b","462":"/","463":"l","464":"a","465":"b","466":"-","467":"0","468":"2","469":"-","470":"r","471":"f","472":"l","473":"a","474":"t","475":"l","476":"e","477":"y","478":"4","479":"4","480":"1","481":"/","482":"h","483":"o","484":"m","485":"e","486":"w","487":"o","488":"r","489":"k","490":"2","491":"-","492":"p","493":"r","494":"o","495":"b","496":"l","497":"e","498":"m","499":"s","500":"e","501":"t","502":"-","503":"r","504":"f","505":"l","506":"a","507":"t","508":"l","509":"e","510":"y","511":"4","512":"4","513":"1","514":"/","515":"S","516":"E","517":"4","518":"/","519":"f","520":"r","521":"o","522":"n","523":"t","524":"e","525":"n","526":"d","527":"/","528":"s","529":"r","530":"c","531":"/","532":"a","533":"s","534":"s","535":"e","536":"t","537":"s","538":"/","539":"D","540":"i","541":"a","542":"m","543":"o","544":"n","545":"d","546":"T","547":"i","548":"l","549":"e","550":".","551":"v","552":"u","553":"e","554":"\"","555":",","556":"\"","557":"s","558":"o","559":"u","560":"r","561":"c","562":"e","563":"s","564":"C","565":"o","566":"n","567":"t","568":"e","569":"n","570":"t","571":"\"","572":":","573":"[","574":"\"","575":"<","576":"t","577":"e","578":"m","579":"p","580":"l","581":"a","582":"t","583":"e","584":">","585":"\\","586":"r","587":"\\","588":"n","589":" ","590":" ","591":" ","592":" ","593":"<","594":"!","595":"-","596":"-","597":" ","598":"C","599":"r","600":"e","601":"a","602":"t","603":"e","604":"d","605":" ","606":"w","607":"i","608":"t","609":"h","610":" ","611":"I","612":"n","613":"k","614":"s","615":"c","616":"a","617":"p","618":"e","619":" ","620":"(","621":"h","622":"t","623":"t","624":"p","625":":","626":"/","627":"/","628":"w","629":"w","630":"w","631":".","632":"i","633":"n","634":"k","635":"s","636":"c","637":"a","638":"p","639":"e","640":".","641":"o","642":"r","643":"g","644":"/","645":")","646":" ","647":"-","648":"-","649":">","650":"\\","651":"r","652":"\\","653":"n","654":" ","655":" ","656":" ","657":" ","658":"<","659":"s","660":"v","661":"g","662":" ","663":":","664":"w","665":"i","666":"d","667":"t","668":"h","669":"=","670":"\\","671":"\"","672":"t","673":"h","674":"i","675":"s","676":".","677":"w","678":"i","679":"d","680":"t","681":"h","682":"\\","683":"\"","684":" ","685":":","686":"h","687":"e","688":"i","689":"g","690":"h","691":"t","692":"=","693":"\\","694":"\"","695":"t","696":"h","697":"i","698":"s","699":".","700":"h","701":"e","702":"i","703":"g","704":"h","705":"t","706":"\\","707":"\"","708":" ","709":"v","710":"e","711":"r","712":"s","713":"i","714":"o","715":"n","716":"=","717":"\\","718":"\"","719":"1","720":".","721":"1","722":"\\","723":"\"","724":" ","725":"v","726":"i","727":"e","728":"w","729":"B","730":"o","731":"x","732":"=","733":"\\","734":"\"","735":"0","736":" ","737":"0","738":" ","739":"2","740":"0","741":"0","742":" ","743":"2","744":"0","745":"0","746":"\\","747":"\"","748":" ","749":"x","750":"m","751":"l","752":"n","753":"s","754":"=","755":"\\","756":"\"","757":"h","758":"t","759":"t","760":"p","761":":","762":"/","763":"/","764":"w","765":"w","766":"w","767":".","768":"w","769":"3","770":".","771":"o","772":"r","773":"g","774":"/","775":"2","776":"0","777":"0","778":"0","779":"/","780":"s","781":"v","782":"g","783":"\\","784":"\"","785":" ","786":"x","787":"m","788":"l","789":"n","790":"s","791":":","792":"c","793":"c","794":"=","795":"\\","796":"\"","797":"h","798":"t","799":"t","800":"p","801":":","802":"/","803":"/","804":"c","805":"r","806":"e","807":"a","808":"t","809":"i","810":"v","811":"e","812":"c","813":"o","814":"m","815":"m","816":"o","817":"n","818":"s","819":".","820":"o","821":"r","822":"g","823":"/","824":"n","825":"s","826":"#","827":"\\","828":"\"","829":" ","830":"x","831":"m","832":"l","833":"n","834":"s","835":":","836":"d","837":"c","838":"=","839":"\\","840":"\"","841":"h","842":"t","843":"t","844":"p","845":":","846":"/","847":"/","848":"p","849":"u","850":"r","851":"l","852":".","853":"o","854":"r","855":"g","856":"/","857":"d","858":"c","859":"/","860":"e","861":"l","862":"e","863":"m","864":"e","865":"n","866":"t","867":"s","868":"/","869":"1","870":".","871":"1","872":"/","873":"\\","874":"\"","875":" ","876":"x","877":"m","878":"l","879":"n","880":"s","881":":","882":"r","883":"d","884":"f","885":"=","886":"\\","887":"\"","888":"h","889":"t","890":"t","891":"p","892":":","893":"/","894":"/","895":"w","896":"w","897":"w","898":".","899":"w","900":"3","901":".","902":"o","903":"r","904":"g","905":"/","906":"1","907":"9","908":"9","909":"9","910":"/","911":"0","912":"2","913":"/","914":"2","915":"2","916":"-","917":"r","918":"d","919":"f","920":"-","921":"s","922":"y","923":"n","924":"t","925":"a","926":"x","927":"-","928":"n","929":"s","930":"#","931":"\\","932":"\"","933":">","934":"\\","935":"r","936":"\\","937":"n","938":" ","939":" ","940":" ","941":" ","942":"<","943":"m","944":"e","945":"t","946":"a","947":"d","948":"a","949":"t","950":"a","951":">","952":"\\","953":"r","954":"\\","955":"n","956":" ","957":" ","958":" ","959":" ","960":"<","961":"r","962":"d","963":"f","964":":","965":"R","966":"D","967":"F","968":">","969":"\\","970":"r","971":"\\","972":"n","973":" ","974":" ","975":" ","976":" ","977":"<","978":"c","979":"c","980":":","981":"W","982":"o","983":"r","984":"k","985":" ","986":"r","987":"d","988":"f","989":":","990":"a","991":"b","992":"o","993":"u","994":"t","995":"=","996":"\\","997":"\"","998":"\\","999":"\"","1000":">","1001":"\\","1002":"r","1003":"\\","1004":"n","1005":" ","1006":" ","1007":" ","1008":" ","1009":" ","1010":" ","1011":" ","1012":" ","1013":"<","1014":"d","1015":"c","1016":":","1017":"f","1018":"o","1019":"r","1020":"m","1021":"a","1022":"t","1023":">","1024":"i","1025":"m","1026":"a","1027":"g","1028":"e","1029":"/","1030":"s","1031":"v","1032":"g","1033":"+","1034":"x","1035":"m","1036":"l","1037":"<","1038":"/","1039":"d","1040":"c","1041":":","1042":"f","1043":"o","1044":"r","1045":"m","1046":"a","1047":"t","1048":">","1049":"\\","1050":"r","1051":"\\","1052":"n","1053":" ","1054":" ","1055":" ","1056":" ","1057":" ","1058":" ","1059":" ","1060":" ","1061":"<","1062":"d","1063":"c","1064":":","1065":"t","1066":"y","1067":"p","1068":"e","1069":" ","1070":"r","1071":"d","1072":"f","1073":":","1074":"r","1075":"e","1076":"s","1077":"o","1078":"u","1079":"r","1080":"c","1081":"e","1082":"=","1083":"\\","1084":"\"","1085":"h","1086":"t","1087":"t","1088":"p","1089":":","1090":"/","1091":"/","1092":"p","1093":"u","1094":"r","1095":"l","1096":".","1097":"o","1098":"r","1099":"g","1100":"/","1101":"d","1102":"c","1103":"/","1104":"d","1105":"c","1106":"m","1107":"i","1108":"t","1109":"y","1110":"p","1111":"e","1112":"/","1113":"S","1114":"t","1115":"i","1116":"l","1117":"l","1118":"I","1119":"m","1120":"a","1121":"g","1122":"e","1123":"\\","1124":"\"","1125":"/","1126":">","1127":"\\","1128":"r","1129":"\\","1130":"n","1131":" ","1132":" ","1133":" ","1134":" ","1135":" ","1136":" ","1137":" ","1138":" ","1139":"<","1140":"d","1141":"c","1142":":","1143":"t","1144":"i","1145":"t","1146":"l","1147":"e","1148":"/","1149":">","1150":"\\","1151":"r","1152":"\\","1153":"n","1154":" ","1155":" ","1156":" ","1157":" ","1158":"<","1159":"/","1160":"c","1161":"c","1162":":","1163":"W","1164":"o","1165":"r","1166":"k","1167":">","1168":"\\","1169":"r","1170":"\\","1171":"n","1172":" ","1173":" ","1174":" ","1175":" ","1176":"<","1177":"/","1178":"r","1179":"d","1180":"f","1181":":","1182":"R","1183":"D","1184":"F","1185":">","1186":"\\","1187":"r","1188":"\\","1189":"n","1190":" ","1191":" ","1192":" ","1193":" ","1194":"<","1195":"/","1196":"m","1197":"e","1198":"t","1199":"a","1200":"d","1201":"a","1202":"t","1203":"a","1204":">","1205":"\\","1206":"r","1207":"\\","1208":"n","1209":" ","1210":" ","1211":" ","1212":" ","1213":"<","1214":"g","1215":" ","1216":"t","1217":"r","1218":"a","1219":"n","1220":"s","1221":"f","1222":"o","1223":"r","1224":"m","1225":"=","1226":"\\","1227":"\"","1228":"t","1229":"r","1230":"a","1231":"n","1232":"s","1233":"l","1234":"a","1235":"t","1236":"e","1237":"(","1238":"0","1239":" ","1240":"-","1241":"9","1242":"2","1243":"2","1244":".","1245":"5","1246":"2","1247":")","1248":"\\","1249":"\"","1250":">","1251":"\\","1252":"r","1253":"\\","1254":"n","1255":" ","1256":" ","1257":" ","1258":" ","1259":"<","1260":"r","1261":"e","1262":"c","1263":"t","1264":" ","1265":"y","1266":"=","1267":"\\","1268":"\"","1269":"9","1270":"2","1271":"2","1272":".","1273":"5","1274":"2","1275":"\\","1276":"\"","1277":" ","1278":"w","1279":"i","1280":"d","1281":"t","1282":"h","1283":"=","1284":"\\","1285":"\"","1286":"2","1287":"0","1288":"0","1289":"\\","1290":"\"","1291":" ","1292":"h","1293":"e","1294":"i","1295":"g","1296":"h","1297":"t","1298":"=","1299":"\\","1300":"\"","1301":"2","1302":"0","1303":"0","1304":"\\","1305":"\"","1306":" ","1307":"r","1308":"x","1309":"=","1310":"\\","1311":"\"","1312":"1","1313":"0","1314":"\\","1315":"\"","1316":" ","1317":"r","1318":"y","1319":"=","1320":"\\","1321":"\"","1322":"1","1323":"0","1324":"\\","1325":"\"","1326":"/","1327":">","1328":"\\","1329":"r","1330":"\\","1331":"n","1332":" ","1333":" ","1334":" ","1335":" ","1336":"<","1337":"r","1338":"e","1339":"c","1340":"t","1341":" ","1342":"t","1343":"r","1344":"a","1345":"n","1346":"s","1347":"f","1348":"o","1349":"r","1350":"m","1351":"=","1352":"\\","1353":"\"","1354":"r","1355":"o","1356":"t","1357":"a","1358":"t","1359":"e","1360":"(","1361":"-","1362":"4","1363":"5","1364":")","1365":"\\","1366":"\"","1367":" ","1368":"x","1369":"=","1370":"\\","1371":"\"","1372":"-","1373":"7","1374":"0","1375":"8","1376":".","1377":"8","1378":"9","1379":"\\","1380":"\"","1381":" ","1382":"y","1383":"=","1384":"\\","1385":"\"","1386":"7","1387":"3","1388":"7","1389":".","1390":"1","1391":"7","1392":"\\","1393":"\"","1394":" ","1395":"w","1396":"i","1397":"d","1398":"t","1399":"h","1400":"=","1401":"\\","1402":"\"","1403":"1","1404":"1","1405":"3","1406":".","1407":"1","1408":"4","1409":"\\","1410":"\"","1411":" ","1412":"h","1413":"e","1414":"i","1415":"g","1416":"h","1417":"t","1418":"=","1419":"\\","1420":"\"","1421":"1","1422":"1","1423":"3","1424":".","1425":"1","1426":"4","1427":"\\","1428":"\"","1429":" ","1430":":","1431":"f","1432":"i","1433":"l","1434":"l","1435":"=","1436":"\\","1437":"\"","1438":"t","1439":"h","1440":"i","1441":"s","1442":".","1443":"f","1444":"i","1445":"l","1446":"l","1447":"C","1448":"o","1449":"l","1450":"o","1451":"r","1452":"\\","1453":"\"","1454":"/","1455":">","1456":"\\","1457":"r","1458":"\\","1459":"n","1460":" ","1461":" ","1462":" ","1463":" ","1464":"<","1465":"/","1466":"g","1467":">","1468":"\\","1469":"r","1470":"\\","1471":"n","1472":" ","1473":" ","1474":" ","1475":" ","1476":"<","1477":"/","1478":"s","1479":"v","1480":"g","1481":">","1482":"\\","1483":"r","1484":"\\","1485":"n","1486":"<","1487":"/","1488":"t","1489":"e","1490":"m","1491":"p","1492":"l","1493":"a","1494":"t","1495":"e","1496":">","1497":"\\","1498":"r","1499":"\\","1500":"n","1501":"\\","1502":"r","1503":"\\","1504":"n","1505":"<","1506":"s","1507":"c","1508":"r","1509":"i","1510":"p","1511":"t","1512":">","1513":"\\","1514":"r","1515":"\\","1516":"n","1517":"e","1518":"x","1519":"p","1520":"o","1521":"r","1522":"t","1523":" ","1524":"d","1525":"e","1526":"f","1527":"a","1528":"u","1529":"l","1530":"t","1531":" ","1532":"{","1533":"\\","1534":"r","1535":"\\","1536":"n","1537":" ","1538":" ","1539":" ","1540":" ","1541":"n","1542":"a","1543":"m","1544":"e","1545":":","1546":" ","1547":"\\","1548":"\"","1549":"D","1550":"i","1551":"a","1552":"m","1553":"o","1554":"n","1555":"d","1556":"T","1557":"i","1558":"l","1559":"e","1560":"\\","1561":"\"","1562":",","1563":"\\","1564":"r","1565":"\\","1566":"n","1567":" ","1568":" ","1569":" ","1570":" ","1571":"p","1572":"r","1573":"o","1574":"p","1575":"s","1576":":","1577":" ","1578":"{","1579":"\\","1580":"r","1581":"\\","1582":"n","1583":" ","1584":" ","1585":" ","1586":" ","1587":" ","1588":" ","1589":" ","1590":" ","1591":"f","1592":"i","1593":"l","1594":"l","1595":"C","1596":"o","1597":"l","1598":"o","1599":"r","1600":":","1601":" ","1602":"{","1603":"\\","1604":"r","1605":"\\","1606":"n","1607":" ","1608":" ","1609":" ","1610":" ","1611":" ","1612":" ","1613":" ","1614":" ","1615":" ","1616":" ","1617":" ","1618":" ","1619":"t","1620":"y","1621":"p","1622":"e","1623":":","1624":" ","1625":"S","1626":"t","1627":"r","1628":"i","1629":"n","1630":"g","1631":",","1632":"\\","1633":"r","1634":"\\","1635":"n","1636":" ","1637":" ","1638":" ","1639":" ","1640":" ","1641":" ","1642":" ","1643":" ","1644":" ","1645":" ","1646":" ","1647":" ","1648":"d","1649":"e","1650":"f","1651":"a","1652":"u","1653":"l","1654":"t","1655":":","1656":" ","1657":"\\","1658":"\"","1659":"#","1660":"f","1661":"f","1662":"f","1663":"\\","1664":"\"","1665":"\\","1666":"r","1667":"\\","1668":"n","1669":" ","1670":" ","1671":" ","1672":" ","1673":" ","1674":" ","1675":" ","1676":" ","1677":"}","1678":",","1679":"\\","1680":"r","1681":"\\","1682":"n","1683":" ","1684":" ","1685":" ","1686":" ","1687":" ","1688":" ","1689":" ","1690":" ","1691":"h","1692":"e","1693":"i","1694":"g","1695":"h","1696":"t","1697":":","1698":" ","1699":"{","1700":"\\","1701":"r","1702":"\\","1703":"n","1704":" ","1705":" ","1706":" ","1707":" ","1708":" ","1709":" ","1710":" ","1711":" ","1712":" ","1713":" ","1714":" ","1715":" ","1716":"t","1717":"y","1718":"p","1719":"e","1720":":","1721":" ","1722":"N","1723":"u","1724":"m","1725":"b","1726":"e","1727":"r","1728":",","1729":"\\","1730":"r","1731":"\\","1732":"n","1733":" ","1734":" ","1735":" ","1736":" ","1737":" ","1738":" ","1739":" ","1740":" ","1741":" ","1742":" ","1743":" ","1744":" ","1745":"d","1746":"e","1747":"f","1748":"a","1749":"u","1750":"l","1751":"t","1752":":","1753":" ","1754":"2","1755":"0","1756":"0","1757":"\\","1758":"r","1759":"\\","1760":"n","1761":" ","1762":" ","1763":" ","1764":" ","1765":" ","1766":" ","1767":" ","1768":" ","1769":"}","1770":",","1771":"\\","1772":"r","1773":"\\","1774":"n","1775":" ","1776":" ","1777":" ","1778":" ","1779":" ","1780":" ","1781":" ","1782":" ","1783":"w","1784":"i","1785":"d","1786":"t","1787":"h","1788":":","1789":" ","1790":"{","1791":"\\","1792":"r","1793":"\\","1794":"n","1795":" ","1796":" ","1797":" ","1798":" ","1799":" ","1800":" ","1801":" ","1802":" ","1803":" ","1804":" ","1805":" ","1806":" ","1807":"t","1808":"y","1809":"p","1810":"e","1811":":","1812":" ","1813":"N","1814":"u","1815":"m","1816":"b","1817":"e","1818":"r","1819":",","1820":"\\","1821":"r","1822":"\\","1823":"n","1824":" ","1825":" ","1826":" ","1827":" ","1828":" ","1829":" ","1830":" ","1831":" ","1832":" ","1833":" ","1834":" ","1835":" ","1836":"d","1837":"e","1838":"f","1839":"a","1840":"u","1841":"l","1842":"t","1843":":","1844":" ","1845":"2","1846":"0","1847":"0","1848":"\\","1849":"r","1850":"\\","1851":"n","1852":" ","1853":" ","1854":" ","1855":" ","1856":" ","1857":" ","1858":" ","1859":" ","1860":"}","1861":"\\","1862":"r","1863":"\\","1864":"n","1865":" ","1866":" ","1867":" ","1868":" ","1869":"}","1870":"\\","1871":"r","1872":"\\","1873":"n","1874":"}","1875":"\\","1876":"r","1877":"\\","1878":"n","1879":"<","1880":"/","1881":"s","1882":"c","1883":"r","1884":"i","1885":"p","1886":"t","1887":">","1888":"\\","1889":"r","1890":"\\","1891":"n","1892":"\"","1893":"]","1894":"}"},"_coverageSchema":"1a1c01bbd47fc00a2c39e90264f33305004495a9","hash":"1e610911b69ac9df6ac09b64fea2206b954b3666"}
,"/Users/ryanflatley/Documents/GitHub/lab-02-rflatley441/homework2-problemset-rflatley441/SE4/frontend/src/assets/SquareTile.vue": {"path":"/Users/ryanflatley/Documents/GitHub/lab-02-rflatley441/homework2-problemset-rflatley441/SE4/frontend/src/assets/SquareTile.vue","statementMap":{"0":{"start":{"line":4,"column":0},"end":{"line":6,"column":3}},"1":{"start":{"line":7,"column":0},"end":{"line":7,"column":25}},"2":{"start":{"line":8,"column":15},"end":{"line":24,"column":1}},"3":{"start":{"line":25,"column":0},"end":{"line":25,"column":13}},"4":{"start":{"line":27,"column":0},"end":{"line":29,"column":3}},"5":{"start":{"line":30,"column":0},"end":{"line":30,"column":24}},"6":{"start":{"line":31,"column":11},"end":{"line":31,"column":25}},"7":{"start":{"line":32,"column":19},"end":{"line":32,"column":38}},"8":{"start":{"line":33,"column":19},"end":{"line":35,"column":1}},"9":{"start":{"line":36,"column":32},"end":{"line":42,"column":26}},"10":{"start":{"line":43,"column":32},"end":{"line":50,"column":26}},"11":{"start":{"line":51,"column":19},"end":{"line":51,"column":27}},"12":{"start":{"line":53,"column":32},"end":{"line":53,"column":71}},"13":{"start":{"line":54,"column":30},"end":{"line":54,"column":67}},"14":{"start":{"line":55,"column":31},"end":{"line":55,"column":69}},"15":{"start":{"line":56,"column":30},"end":{"line":56,"column":67}},"16":{"start":{"line":57,"column":30},"end":{"line":57,"column":67}},"17":{"start":{"line":58,"column":2},"end":{"line":86,"column":119}},"18":{"start":{"line":68,"column":37},"end":{"line":78,"column":7}},"19":{"start":{"line":71,"column":39},"end":{"line":76,"column":54}},"20":{"start":{"line":72,"column":41},"end":{"line":72,"column":85}},"21":{"start":{"line":87,"column":2},"end":{"line":87,"column":49}}},"fnMap":{"0":{"name":"render","decl":{"start":{"line":52,"column":9},"end":{"line":52,"column":15}},"loc":{"start":{"line":52,"column":30},"end":{"line":87,"column":1}},"line":52},"1":{"name":"(anonymous_1)","decl":{"start":{"line":68,"column":31},"end":{"line":68,"column":32}},"loc":{"start":{"line":68,"column":37},"end":{"line":78,"column":7}},"line":68},"2":{"name":"(anonymous_2)","decl":{"start":{"line":71,"column":33},"end":{"line":71,"column":34}},"loc":{"start":{"line":71,"column":39},"end":{"line":76,"column":54}},"line":71},"3":{"name":"(anonymous_3)","decl":{"start":{"line":72,"column":35},"end":{"line":72,"column":36}},"loc":{"start":{"line":72,"column":41},"end":{"line":72,"column":85}},"line":72}},"branchMap":{},"s":{"0":1,"1":1,"2":1,"3":1,"4":1,"5":1,"6":1,"7":1,"8":1,"9":1,"10":1,"11":1,"12":0,"13":0,"14":0,"15":0,"16":0,"17":0,"18":0,"19":0,"20":0,"21":1},"f":{"0":0,"1":0,"2":0,"3":0},"b":{},"inputSourceMap":{"0":"{","1":"\"","2":"v","3":"e","4":"r","5":"s","6":"i","7":"o","8":"n","9":"\"","10":":","11":"3","12":",","13":"\"","14":"s","15":"o","16":"u","17":"r","18":"c","19":"e","20":"s","21":"\"","22":":","23":"[","24":"\"","25":"/","26":"U","27":"s","28":"e","29":"r","30":"s","31":"/","32":"r","33":"y","34":"a","35":"n","36":"f","37":"l","38":"a","39":"t","40":"l","41":"e","42":"y","43":"/","44":"D","45":"o","46":"c","47":"u","48":"m","49":"e","50":"n","51":"t","52":"s","53":"/","54":"G","55":"i","56":"t","57":"H","58":"u","59":"b","60":"/","61":"l","62":"a","63":"b","64":"-","65":"0","66":"2","67":"-","68":"r","69":"f","70":"l","71":"a","72":"t","73":"l","74":"e","75":"y","76":"4","77":"4","78":"1","79":"/
[...]
"5779":" ","5780":"{","5781":"\\","5782":"n","5783":" ","5784":" ","5785":" ","5786":" ","5787":"/","5788":"*","5789":" ","5790":"w","5791":"i","5792":"d","5793":"t","5794":"h","5795":":","5796":" ","5797":"a","5798":"u","5799":"t","5800":"o","5801":";","5802":" ","5803":"*","5804":"/","5805":"\\","5806":"n","5807":" ","5808":" ","5809":" ","5810":" ","5811":"d","5812":"i","5813":"s","5814":"p","5815":"l","5816":"a","5817":"y","5818":":","5819":" ","5820":"g","5821":"r","5822":"i","5823":"d","5824":";","5825":"\\","5826":"n","5827":" ","5828":" ","5829":" ","5830":" ","5831":"g","5832":"r","5833":"i","5834":"d","5835":"-","5836":"t","5837":"e","5838":"m","5839":"p","5840":"l","5841":"a","5842":"t","5843":"e","5844":"-","5845":"c","5846":"o","5847":"l","5848":"u","5849":"m","5850":"n","5851":"s","5852":":","5853":" ","5854":"r","5855":"e","5856":"p","5857":"e","5858":"a","5859":"t","5860":"(","5861":"1","5862":"2","5863":",","5864":" ","5865":"5","5866":"0","5867":"p","5868":"x","5869":")","5870":";","5871":"\\","5872":"n","5873":" ","5874":" ","5875":" ","5876":" ","5877":"g","5878":"r","5879":"i","5880":"d","5881":"-","5882":"t","5883":"e","5884":"m","5885":"p","5886":"l","5887":"a","5888":"t","5889":"e","5890":"-","5891":"r","5892":"o","5893":"w","5894":"s","5895":":","5896":" ","5897":"r","5898":"e","5899":"p","5900":"e","5901":"a","5902":"t","5903":"(","5904":"1","5905":"2","5906":",","5907":" ","5908":"5","5909":"0","5910":"p","5911":"x","5912":")","5913":";","5914":"\\","5915":"n","5916":" ","5917":" ","5918":" ","5919":" ","5920":"/","5921":"*","5922":" ","5923":"p","5924":"o","5925":"s","5926":"i","5927":"t","5928":"i","5929":"o","5930":"n","5931":":","5932":" ","5933":"a","5934":"b","5935":"s","5936":"o","5937":"l","5938":"u","5939":"t","5940":"e","5941":";","5942":" ","5943":"*","5944":"/","5945":"\\","5946":"n","5947":"}","5948":"\\","5949":"n","5950":"\\","5951":"n","5952":".","5953":"e","5954":"n","5955":"d","5956":"-","5957":"t","5958":"u","5959":"r","5960":"n","5961":"-","5962":"b","5963":"u","5964":"t","5965":"t","5966":"o","5967":"n","5968":" ","5969":"{","5970":"\\","5971":"n","5972":" ","5973":" ","5974":" ","5975":" ","5976":"d","5977":"i","5978":"s","5979":"p","5980":"l","5981":"a","5982":"y","5983":":","5984":" ","5985":"b","5986":"l","5987":"o","5988":"c","5989":"k","5990":";","5991":"\\","5992":"n","5993":" ","5994":" ","5995":" ","5996":" ","5997":"m","5998":"a","5999":"r","6000":"g","6001":"i","6002":"n","6003":":","6004":" ","6005":"2","6006":"0","6007":"p","6008":"x","6009":" ","6010":"a","6011":"u","6012":"t","6013":"o","6014":";","6015":"\\","6016":"n","6017":" ","6018":" ","6019":" ","6020":" ","6021":"p","6022":"a","6023":"d","6024":"d","6025":"i","6026":"n","6027":"g","6028":":","6029":" ","6030":"1","6031":"0","6032":"p","6033":"x","6034":" ","6035":"2","6036":"0","6037":"p","6038":"x","6039":";","6040":"\\","6041":"n","6042":" ","6043":" ","6044":" ","6045":" ","6046":"b","6047":"a","6048":"c","6049":"k","6050":"g","6051":"r","6052":"o","6053":"u","6054":"n","6055":"d","6056":"-","6057":"c","6058":"o","6059":"l","6060":"o","6061":"r","6062":":","6063":" ","6064":"b","6065":"l","6066":"a","6067":"c","6068":"k","6069":";","6070":"\\","6071":"n","6072":" ","6073":" ","6074":" ","6075":" ","6076":"b","6077":"o","6078":"r","6079":"d","6080":"e","6081":"r","6082":":","6083":" ","6084":"n","6085":"o","6086":"n","6087":"e","6088":";","6089":"\\","6090":"n","6091":" ","6092":" ","6093":" ","6094":" ","6095":"c","6096":"o","6097":"l","6098":"o","6099":"r","6100":":","6101":" ","6102":"w","6103":"h","6104":"i","6105":"t","6106":"e","6107":";","6108":"\\","6109":"n","6110":" ","6111":" ","6112":" ","6113":" ","6114":"t","6115":"e","6116":"x","6117":"t","6118":"-","6119":"a","6120":"l","6121":"i","6122":"g","6123":"n","6124":":","6125":" ","6126":"c","6127":"e","6128":"n","6129":"t","6130":"e","6131":"r","6132":";","6133":"\\","6134":"n","6135":" ","6136":" ","6137":" ","6138":" ","6139":"t","6140":"e","6141":"x","6142":"t","6143":"-","6144":"d","6145":"e","6146":"c","6147":"o","6148":"r","6149":"a","6150":"t","6151":"i","6152":"o","6153":"n","6154":":","6155":" ","6156":"n","6157":"o","6158":"n","6159":"e","6160":";","6161":"\\","6162":"n","6163":" ","6164":" ","6165":" ","6166":" ","6167":"f","6168":"o","6169":"n","6170":"t","6171":"-","6172":"s","6173":"i","6174":"z","6175":"e","6176":":","6177":" ","6178":"1","6179":"6","6180":"p","6181":"x","6182":";","6183":"\\","6184":"n","6185":" ","6186":" ","6187":" ","6188":" ","6189":"c","6190":"u","6191":"r","6192":"s","6193":"o","6194":"r","6195":":","6196":" ","6197":"p","6198":"o","6199":"i","6200":"n","6201":"t","6202":"e","6203":"r","6204":";","6205":"\\","6206":"n","6207":" ","6208":" ","6209":" ","6210":" ","6211":"b","6212":"o","6213":"r","6214":"d","6215":"e","6216":"r","6217":"-","6218":"r","6219":"a","6220":"d","6221":"i","6222":"u","6223":"s","6224":":","6225":" ","6226":"5","6227":"p","6228":"x","6229":";","6230":"\\","6231":"n","6232":" ","6233":" ","6234":" ","6235":" ","6236":"t","6237":"r","6238":"a","6239":"n","6240":"s","6241":"i","6242":"t","6243":"i","6244":"o","6245":"n","6246":":","6247":" ","6248":"b","6249":"a","6250":"c","6251":"k","6252":"g","6253":"r","6254":"o","6255":"u","6256":"n","6257":"d","6258":"-","6259":"c","6260":"o","6261":"l","6262":"o","6263":"r","6264":" ","6265":"0","6266":".","6267":"3","6268":"s","6269":";","6270":"\\","6271":"n","6272":"}","6273":"\\","6274":"n","6275":"\\","6276":"n","6277":".","6278":"e","6279":"n","6280":"d","6281":"-","6282":"t","6283":"u","6284":"r","6285":"n","6286":"-","6287":"b","6288":"u","6289":"t","6290":"t","6291":"o","6292":"n","6293":":","6294":"h","6295":"o","6296":"v","6297":"e","6298":"r","6299":" ","6300":"{","6301":"\\","6302":"n","6303":" ","6304":" ","6305":" ","6306":" ","6307":"b","6308":"a","6309":"c","6310":"k","6311":"g","6312":"r","6313":"o","6314":"u","6315":"n","6316":"d","6317":"-","6318":"c","6319":"o","6320":"l","6321":"o","6322":"r","6323":":","6324":" ","6325":"#","6326":"4","6327":"5","6328":"a","6329":"0","6330":"4","6331":"9","6332":";","6333":"\\","6334":"n","6335":"}","6336":"\\","6337":"n","6338":"<","6339":"/","6340":"s","6341":"t","6342":"y","6343":"l","6344":"e","6345":">","6346":"\"","6347":"]","6348":"}"},"_coverageSchema":"1a1c01bbd47fc00a2c39e90264f33305004495a9","hash":"5cbc8cf19955671e546568a0f32c41639b85265b"}
,"/Users/ryanflatley/Documents/GitHub/lab-02-rflatley441/homework2-problemset-rflatley441/SE4/frontend/src/modules/game.js": {"path":"/Users/ryanflatley/Documents/GitHub/lab-02-rflatley441/homework2-problemset-rflatley441/SE4/frontend/src/modules/game.js","statementMap":{"0":{"start":{"line":3,"column":14},"end":{"line":32,"column":1}},"1":{"start":{"line":34,"column":16},"end":{"line":50,"column":1}},"2":{"start":{"line":36,"column":8},"end":{"line":41,"column":10}},"3":{"start":{"line":43,"column":24},"end":{"line":43,"column":37}},"4":{"start":{"line":44,"column":27},"end":{"line":44,"column":67}},"5":{"start":{"line":44,"column":35},"end":{"line":44,"column":67}},"6":{"start":{"line":45,"column":28},"end":{"line":45,"column":69}},"7":{"start":{"line":45,"column":36},"end":{"line":45,"column":69}},"8":{"start":{"line":46,"column":21},"end":{"line":46,"column":31}},"9":{"start":{"line":47,"column":21},"end":{"line":47,"column":31}},"10":{"start":{"line":48,"column":25},"end":{"line":48,"column":39}},"11":{"start":{"line":49,"column":23},"end":{"line":49,"column":35}},"12":{"start":{"line":52,"column":16},"end":{"line":141,"column":1}},"13":{"start":{"line":54,"column":8},"end":{"line":59,"column":9}},"14":{"start":{"line":55,"column":29},"end":{"line":55,"column":74}},"15":{"start":{"line":56,"column":12},"end":{"line":56,"column":45}},"16":{"start":{"line":58,"column":12},"end":{"line":58,"column":46}},"17":{"start":{"line":63,"column":8},"end":{"line":76,"column":9}},"18":{"start":{"line":64,"column":29},"end":{"line":64,"column":80}},"19":{"start":{"line":65,"column":12},"end":{"line":72,"column":14}},"20":{"start":{"line":66,"column":16},"end":{"line":71,"column":17}},"21":{"start":{"line":67,"column":20},"end":{"line":70,"column":23}},"22":{"start":{"line":73,"column":12},"end":{"line":73,"column":70}},"23":{"start":{"line":75,"column":12},"end":{"line":75,"column":46}},"24":{"start":{"line":80,"column":8},"end":{"line":96,"column":9}},"25":{"start":{"line":81,"column":29},"end":{"line":84,"column":14}},"26":{"start":{"line":85,"column":12},"end":{"line":92,"column":14}},"27":{"start":{"line":86,"column":16},"end":{"line":91,"column":17}},"28":{"start":{"line":87,"column":20},"end":{"line":90,"column":23}},"29":{"start":{"line":93,"column":12},"end":{"line":93,"column":49}},"30":{"start":{"line":95,"column":12},"end":{"line":95,"column":46}},"31":{"start":{"line":100,"column":8},"end":{"line":108,"column":9}},"32":{"start":{"line":101,"column":29},"end":{"line":104,"column":14}},"33":{"start":{"line":105,"column":12},"end":{"line":105,"column":49}},"34":{"start":{"line":107,"column":12},"end":{"line":107,"column":46}},"35":{"start":{"line":113,"column":8},"end":{"line":115,"column":9}},"36":{"start":{"line":114,"column":12},"end":{"line":114,"column":48}},"37":{"start":{"line":119,"column":8},"end":{"line":119,"column":33}},"38":{"start":{"line":120,"column":8},"end":{"line":120,"column":34}},"39":{"start":{"line":124,"column":21},"end":{"line":124,"column":46}},"40":{"start":{"line":125,"column":8},"end":{"line":125,"column":34}},"41":{"start":{"line":128,"column":8},"end":{"line":128,"column":30}},"42":{"start":{"line":130,"column":8},"end":{"line":134,"column":11}},"43":{"start":{"line":131,"column":12},"end":{"line":131,"column":37}},"44":{"start":{"line":132,"column":12},"end":{"line":132,"column":37}},"45":{"start":{"line":133,"column":12},"end":{"line":133,"column":36}},"46":{"start":{"line":135,"column":8},"end":{"line":135,"column":37}},"47":{"start":{"line":139,"column":8},"end":{"line":139,"column":35}},"48":{"start":{"line":143,"column":18},"end":{"line":181,"column":1}},"49":{"start":{"line":145,"column":8},"end":{"line":145,"column":31}},"50":{"start":{"line":146,"column":8},"end":{"line":146,"column":24}},"51":{"start":{"line":147,"column":8},"end":{"line":147,"column":26}},"52":{"start":{"line":148,"column":8},"end":{"line":148,"column":35}},"53":{"start":{"line":149,"column":8},"end":{"line":149,"column":35}},"54":{"start":{"line":150,"column":8},"end":{"line":150,"column":49}},"55":{"start":{"line":152,"column":37},"end":{"line":152,"column":55}},"56":{"start":{"line":153,"column":33},"end":{"line":153,"column":52}},"57":{"start":{"line":155,"column":8},"end":{"line":155,"column":30}},"58":{"start":{"line":156,"column":8},"end":{"line":156,"column":30}},"59":{"start":{"line":158,"column":32},"end":{"line":158,"column":45}},"60":{"start":{"line":160,"column":8},"end":{"line":160,"column":37}},"61":{"start":{"line":161,"column":8},"end":{"line":161,"column":46}},"62":{"start":{"line":164,"column":21},"end":{"line":164,"column":37}},"63":{"start":{"line":165,"column":8},"end":{"line":165,"column":39}},"64":{"start":{"line":166,"column":8},"end":{"line":172,"column":11}},"65":{"start":{"line":167,"column":12},"end":{"line":171,"column":14}},"66":{"start":{"line":173,"column":8},"end":{"line":173,"column":42}},"67":{"start":{"line":176,"column":8},"end":{"line":176,"column":56}},"68":{"start":{"line":177,"column":8},"end":{"line":177,"column":56}},"69":{"start":{"line":179,"column":43},"end":{"line":179,"column":72}},"70":{"start":{"line":180,"column":53},"end":{"line":180,"column":90}},"71":{"start":{"line":183,"column":13},"end":{"line":189,"column":1}}},"fnMap":{"0":{"name":"(anonymous_0)","decl":{"start":{"line":35,"column":15},"end":{"line":35,"column":16}},"loc":{"start":{"line":35,"column":26},"end":{"line":42,"column":5}},"line":35},"1":{"name":"(anonymous_1)","decl":{"start":{"line":43,"column":13},"end":{"line":43,"column":14}},"loc":{"start":{"line":43,"column":24},"end":{"line":43,"column":37}},"line":43},"2":{"name":"(anonymous_2)","decl":{"start":{"line":44,"column":16},"end":{"line":44,"column":17}},"loc":{"start":{"line":44,"column":27},"end":{"line":44,"column":67}},"line":44},"3":{"name":"(anonymous_3)","decl":{"start":{"line":44,"column":27},"end":{"line":44,"column":28}},"loc":{"start":{"line":44,"column":35},"end":{"line":44,"column":67}},"line":44},"4":{"name":"(anonymous_4)","decl":{"start":{"line":45,"column":17},"end":{"line":45,"column":18}},"loc":{"start":{"line":45,"column":28},"end":{"line":45,"column":69}},"line":45},"5":{"name":"(anonymous_5)","decl":{"start":{"line":45,"column":28},"end":{"line":45,"column":29}},"loc":{"start":{"line":45,"column":36},"end":{"line":45,"column":69}},"line":45},"6":{"name":"(anonymous_6)","decl":{"start":{"line":46,"column":10},"end":{"line":46,"column":11}},"loc":{"start":{"line":46,"column":21},"end":{"line":46,"column":31}},"line":46},"7":{"name":"(anonymous_7)","decl":{"start":{"line":47,"column":10},"end":{"line":47,"column":11}},"loc":{"start":{"line":47,"column":21},"end":{"line":47,"column":31}},"line":47},"8":{"name":"(anonymous_8)","decl":{"start":{"line":48,"column":14},"end":{"line":48,"column":15}},"loc":{"start":{"line":48,"column":25},"end":{"line":48,"column":39}},"line":48},"9":{"name":"(anonymous_9)","decl":{"start":{"line":49,"column":12},"end":{"line":49,"column":13}},"loc":{"start":{"line":49,"column":23},"end":{"line":49,"column":35}},"line":49},"10":{"name":"(anonymous_10)","decl":{"start":{"line":53,"column":4},"end":{"line":53,"column":5}},"loc":{"start":{"line":53,"column":30},"end":{"line":60,"column":5}},"line":53},"11":{"name":"(anonymous_11)","decl":{"start":{"line":62,"column":4},"end":{"line":62,"column":5}},"loc":{"start":{"line":62,"column":40},"end":{"line":77,"column":5}},"line":62},"12":{"name":"(anonymous_12)","decl":{"start":{"line":65,"column":34},"end":{"line":65,"column":35}},"loc":{"start":{"line":65,"column":42},"end":{"line":72,"column":13}},"line":65},"13":{"name":"(anonymous_13)","decl":{"start":{"line":79,"column":4},"end":{"line":79,"column":5}},"loc":{"start":{"line":79,"column":46},"end":{"line":97,"column":5}},"line":79},"14":{"name":"(anonymous_14)","decl":{"start":{"line":85,"column":34},"end":{"line":85,"column":35}},"loc":{"start":{"line":85,"column":42},"end":{"line":92,"column":13}},"line":85},"15":{"name":"(anonymous_15)","decl":{"start":{"line":99,"column":4},"end":{"line":99,"column":5}},"loc":{"start":{"line":99,"column":45},"end":{"line":109,"column":5}},"line":99},"16":{"name":"(anonymous_16)","decl":{"start":{"line":111,"column":4},"end":{"line":111,"column":5}},"loc":{"start":{"line":111,"column":40},"end":{"line":116,"column":5}},"line":111},"17":{"name":"(anonymous_17)","decl":{"start":{"line":118,"column":4},"end":{"line":118,"column":5}},"loc":{"start":{"line":118,"column":37},"end":{"line":121,"column":5}},"line":118},"18":{"name":"(anonymous_18)","decl":{"start":{"line":123,"column":4},"end":{"line":123,"column":5}},"loc":{"start":{"line":123,"column":26},"end":{"line":126,"column":5}},"line":123},"19":{"name":"(anonymous_19)","decl":{"start":{"line":127,"column":4},"end":{"line":127,"column":5}},"loc":{"start":{"line":127,"column":34},"end":{"line":136,"column":5}},"line":127},"20":{"name":"(anonymous_20)","decl":{"start":{"line":130,"column":35},"end":{"line":130,"column":36}},"loc":{"start":{"line":130,"column":40},"end":{"line":134,"column":9}},"line":130},"21":{"name":"(anonymous_21)","decl":{"start":{"line":138,"column":4},"end":{"line":138,"column":5}},"loc":{"start":{"line":138,"column":34},"end":{"line":140,"column":5}},"line":138},"22":{"name":"(anonymous_22)","decl":{"start":{"line":144,"column":17},"end":{"line":144,"column":18}},"loc":{"start":{"line":144,"column":28},"end":{"line":151,"column":5}},"line":144},"23":{"name":"(anonymous_23)","decl":{"start":{"line":152,"column":18},"end":{"line":152,"column":19}},"loc":{"start":{"line":152,"column":37},"end":{"line":152,"column":55}},"line":152},"24":{"name":"(anonymous_24)","decl":{"start":{"line":153,"column":13},"end":{"line":153,"column":14}},"loc":{"start":{"line":153,"column":33},"end":{"line":153,"column":52}},"line":153},"25":{"name":"(anonymous_25)","decl":{"start":{"line":154,"column":14},"end":{"line":154,"column":15}},"loc":{"start":{"line":154,"column":33},"end":{"line":157,"column":5}},"line":154},"26":{"name":"(anonymous_26)","decl":{"start":{"line":158,"column":20},"end":{"line":158,"column":21}},"loc":{"start":{"line":158,"column":32},"end":{"line":158,"column":45}},"line":158},"27":{"name":"(anonymous_27)","decl":{"start":{"line":159,"column":13},"end":{"line":159,"column":14}},"loc":{"start":{"line":159,"column":30},"end":{"line":162,"column":5}},"line":159},"28":{"name":"(anonymous_28)","decl":{"start":{"line":163,"column":13},"end":{"line":163,"column":14}},"loc":{"start":{"line":163,"column":33},"end":{"line":174,"column":5}},"line":163},"29":{"name":"(anonymous_29)","decl":{"start":{"line":166,"column":29},"end":{"line":166,"column":30}},"loc":{"start":{"line":166,"column":39},"end":{"line":172,"column":9}},"line":166},"30":{"name":"(anonymous_30)","decl":{"start":{"line":175,"column":4},"end":{"line":175,"column":5}},"loc":{"start":{"line":175,"column":53},"end":{"line":178,"column":5}},"line":175},"31":{"name":"(anonymous_31)","decl":{"start":{"line":179,"column":23},"end":{"line":179,"column":24}},"loc":{"start":{"line":179,"column":43},"end":{"line":179,"column":72}},"line":179},"32":{"name":"(anonymous_32)","decl":{"start":{"line":180,"column":23},"end":{"line":180,"column":24}},"loc":{"start":{"line":180,"column":53},"end":{"line":180,"column":90}},"line":180}},"branchMap":{"0":{"loc":{"start":{"line":66,"column":16},"end":{"line":71,"column":17}},"type":"if","locations":[{"start":{"line":66,"column":16},"end":{"line":71,"column":17}},{"start":{},"end":{}}],"line":66},"1":{"loc":{"start":{"line":66,"column":20},"end":{"line":66,"column":44}},"type":"binary-expr","locations":[{"start":{"line":66,"column":20},"end":{"line":66,"column":29}},{"start":{"line":66,"column":33},"end":{"line":66,"column":44}}],"line":66},"2":{"loc":{"start":{"line":86,"column":16},"end":{"line":91,"column":17}},"type":"if","locations":[{"start":{"line":86,"column":16},"end":{"line":91,"column":17}},{"start":{},"end":{}}],"line":86},"3":{"loc":{"start":{"line":86,"column":20},"end":{"line":86,"column":44}},"type":"binary-expr","locations":[{"start":{"line":86,"column":20},"end":{"line":86,"column":29}},{"start":{"line":86,"column":33},"end":{"line":86,"column":44}}],"line":86},"4":{"loc":{"start":{"line":113,"column":8},"end":{"line":115,"column":9}},"type":"if","locations":[{"start":{"line":113,"column":8},"end":{"line":115,"column":9}},{"start":{},"end":{}}],"line":113},"5":{"loc":{"start":{"line":113,"column":12},"end":{"line":113,"column":53}},"type":"binary-expr","locations":[{"start":{"line":113,"column":12},"end":{"line":113,"column":38}},{"start":{"line":113,"column":42},"end":{"line":113,"column":53}}],"line":113}},"s":{"0":2,"1":2,"2":2,"3":1,"4":0,"5":0,"6":0,"7":0,"8":0,"9":0,"10":0,"11":0,"12":2,"13":0,"14":0,"15":0,"16":0,"17":0,"18":0,"19":0,"20":0,"21":0,"22":0,"23":0,"24":0,"25":0,"26":0,"27":0,"28":0,"29":0,"30":0,"31":0,"32":0,"33":0,"34":0,"35":5,"36":4,"37":6,"38":6,"39":1,"40":1,"41":5,"42":5,"43":5,"44":5,"45":5,"46":5,"47":1,"48":2,"49":0,"50":0,"51":0,"52":0,"53":0,"54":0,"55":0,"56":7,"57":0,"58":0,"59":6,"60":0,"61":0,"62":0,"63":0,"64":0,"65":0,"66":0,"67":0,"68":0,"69":4,"70":0,"71":2},"f":{"0":2,"1":1,"2":0,"3":0,"4":0,"5":0,"6":0,"7":0,"8":0,"9":0,"10":0,"11":0,"12":0,"13":0,"14":0,"15":0,"16":5,"17":6,"18":1,"19":5,"20":5,"21":1,"22":0,"23":0,"24":7,"25":0,"26":6,"27":0,"28":0,"29":0,"30":0,"31":4,"32":0},"b":{"0":[0,0],"1":[0,0],"2":[0,0],"3":[0,0],"4":[4,1],"5":[5,5]},"_coverageSchema":"1a1c01bbd47fc00a2c39e90264f33305004495a9","hash":"8ff44dc63a7c9862fd89af725e6edff226c17348"}
}
