TN:
SF:src/modules/game.js
FN:33,(anonymous_0)
FN:38,(anonymous_1)
FN:46,(anonymous_2)
FN:47,(anonymous_3)
FN:47,(anonymous_4)
FN:48,(anonymous_5)
FN:48,(anonymous_6)
FN:49,(anonymous_7)
FN:50,(anonymous_8)
FN:51,(anonymous_9)
FN:52,(anonymous_10)
FN:56,(anonymous_11)
FN:65,(anonymous_12)
FN:68,(anonymous_13)
FN:82,(anonymous_14)
FN:88,(anonymous_15)
FN:102,(anonymous_16)
FN:114,(anonymous_17)
FN:118,(anonymous_18)
FN:123,(anonymous_19)
FN:127,(anonymous_20)
FN:130,(anonymous_21)
FN:138,(anonymous_22)
FN:145,(anonymous_23)
FN:153,(anonymous_24)
FN:154,(anonymous_25)
FN:155,(anonymous_26)
FN:159,(anonymous_27)
FN:160,(anonymous_28)
FN:164,(anonymous_29)
FN:167,(anonymous_30)
FN:176,(anonymous_31)
FN:180,(anonymous_32)
FN:181,(anonymous_33)
FNF:34
FNH:1
FNDA:0,(anonymous_0)
FNDA:1,(anonymous_1)
FNDA:0,(anonymous_2)
FNDA:0,(anonymous_3)
FNDA:0,(anonymous_4)
FNDA:0,(anonymous_5)
FNDA:0,(anonymous_6)
FNDA:0,(anonymous_7)
FNDA:0,(anonymous_8)
FNDA:0,(anonymous_9)
FNDA:0,(anonymous_10)
FNDA:0,(anonymous_11)
FNDA:0,(anonymous_12)
FNDA:0,(anonymous_13)
FNDA:0,(anonymous_14)
FNDA:0,(anonymous_15)
FNDA:0,(anonymous_16)
FNDA:0,(anonymous_17)
FNDA:0,(anonymous_18)
FNDA:0,(anonymous_19)
FNDA:0,(anonymous_20)
FNDA:0,(anonymous_21)
FNDA:0,(anonymous_22)
FNDA:0,(anonymous_23)
FNDA:0,(anonymous_24)
FNDA:0,(anonymous_25)
FNDA:0,(anonymous_26)
FNDA:0,(anonymous_27)
FNDA:0,(anonymous_28)
FNDA:0,(anonymous_29)
FNDA:0,(anonymous_30)
FNDA:0,(anonymous_31)
FNDA:0,(anonymous_32)
FNDA:0,(anonymous_33)
DA:3,1
DA:33,1
DA:34,0
DA:37,1
DA:39,1
DA:46,0
DA:47,0
DA:48,0
DA:49,0
DA:50,0
DA:51,0
DA:52,0
DA:55,1
DA:57,0
DA:58,0
DA:59,0
DA:61,0
DA:66,0
DA:67,0
DA:68,0
DA:69,0
DA:70,0
DA:76,0
DA:78,0
DA:83,0
DA:84,0
DA:88,0
DA:89,0
DA:90,0
DA:96,0
DA:98,0
DA:103,0
DA:104,0
DA:108,0
DA:110,0
DA:115,0
DA:119,0
DA:120,0
DA:124,0
DA:125,0
DA:128,0
DA:130,0
DA:131,0
DA:132,0
DA:133,0
DA:135,0
DA:139,0
DA:144,1
DA:146,0
DA:147,0
DA:148,0
DA:149,0
DA:150,0
DA:151,0
DA:153,0
DA:154,0
DA:156,0
DA:157,0
DA:159,0
DA:161,0
DA:162,0
DA:165,0
DA:166,0
DA:167,0
DA:168,0
DA:174,0
DA:177,0
DA:178,0
DA:180,0
DA:181,0
DA:184,1
LF:71
LH:7
BRDA:69,0,0,0
BRDA:69,0,1,0
BRDA:69,1,0,0
BRDA:69,1,1,0
BRDA:89,2,0,0
BRDA:89,2,1,0
BRDA:89,3,0,0
BRDA:89,3,1,0
BRF:8
BRH:0
end_of_record
